#
# There is insufficient memory for the Java Runtime Environment to continue.
# Native memory allocation (mmap) failed to map 65536 bytes for Failed to commit metaspace.
# Possible reasons:
#   The system is out of physical RAM or swap space
#   The process is running with CompressedOops enabled, and the Java Heap may be blocking the growth of the native heap
# Possible solutions:
#   Reduce memory load on the system
#   Increase physical memory or swap space
#   Check if swap backing store is full
#   Decrease Java heap size (-Xmx/-Xms)
#   Decrease number of Java threads
#   Decrease Java thread stack sizes (-Xss)
#   Set larger code cache with -XX:ReservedCodeCacheSize=
#   JVM is running with Unscaled Compressed Oops mode in which the Java heap is
#     placed in the first 4GB address space. The Java Heap base address is the
#     maximum limit for the native heap growth. Please use -XX:HeapBaseMinAddress
#     to set the Java Heap base and to place the Java Heap above 4GB virtual address.
# This output file may be truncated or incomplete.
#
#  Out of Memory Error (virtualSpaceNode.cpp:110), pid=29116, tid=37924
#
# JRE version: Java(TM) SE Runtime Environment (20.0.1+9) (build 20.0.1+9-29)
# Java VM: Java HotSpot(TM) 64-Bit Server VM (20.0.1+9-29, mixed mode, sharing, tiered, compressed oops, compressed class ptrs, g1 gc, windows-amd64)
# No core dump will be written. Minidumps are not enabled by default on client versions of Windows
#

---------------  S U M M A R Y ------------

Command Line: -Dfile.encoding=UTF-8 --module-path=C:\Users\Atiqur Rahman\Documents\NetBeansProjects\bank management system\build\classes bank.management.system.MiniStatement

Host: AMD Ryzen 7 4800H with Radeon Graphics         , 16 cores, 7G,  Windows 11 , 64 bit Build 22621 (10.0.22621.2215)
Time: Sat Sep  9 14:21:08 2023 India Standard Time elapsed time: 0.800266 seconds (0d 0h 0m 0s)

---------------  T H R E A D  ---------------

Current thread (0x000001b193bd93e0):  JavaThread "main" [_thread_in_vm, id=37924, stack(0x0000001b09400000,0x0000001b09500000)]

Stack: [0x0000001b09400000,0x0000001b09500000]
Native frames: (J=compiled Java code, j=interpreted, Vv=VM code, C=native code)
V  [jvm.dll+0x6bb95a]
V  [jvm.dll+0x8485fa]
V  [jvm.dll+0x84a1f5]
V  [jvm.dll+0x84a8f3]
V  [jvm.dll+0x280b0f]
V  [jvm.dll+0x84453b]
V  [jvm.dll+0x65fd86]
V  [jvm.dll+0x1eb4e7]
V  [jvm.dll+0x6627a2]
V  [jvm.dll+0x66258e]
V  [jvm.dll+0x66079e]
V  [jvm.dll+0x3c366f]
V  [jvm.dll+0x21353b]
V  [jvm.dll+0x59c296]
V  [jvm.dll+0x7c3802]
V  [jvm.dll+0x7c376a]
V  [jvm.dll+0x46cb9d]
V  [jvm.dll+0x47f4c6]
C  [java.dll+0x1657]

Java frames: (J=compiled Java code, j=interpreted, Vv=VM code)
j  java.lang.ClassLoader.defineClass0(Ljava/lang/ClassLoader;Ljava/lang/Class;Ljava/lang/String;[BIILjava/security/ProtectionDomain;ZILjava/lang/Object;)Ljava/lang/Class;+0 java.base@20.0.1
j  java.lang.System$2.defineClass(Ljava/lang/ClassLoader;Ljava/lang/Class;Ljava/lang/String;[BLjava/security/ProtectionDomain;ZILjava/lang/Object;)Ljava/lang/Class;+17 java.base@20.0.1
j  java.lang.invoke.MethodHandles$Lookup$ClassDefiner.defineClass(ZLjava/lang/Object;)Ljava/lang/Class;+54 java.base@20.0.1
j  java.lang.invoke.MethodHandles$Lookup$ClassDefiner.defineClassAsLookup(Z)Ljava/lang/invoke/MethodHandles$Lookup;+3 java.base@20.0.1
j  java.lang.invoke.MethodHandles$Lookup.defineHiddenClass([BZ[Ljava/lang/invoke/MethodHandles$Lookup$ClassOption;)Ljava/lang/invoke/MethodHandles$Lookup;+65 java.base@20.0.1
j  java.lang.invoke.InnerClassLambdaMetafactory.generateInnerClass()Ljava/lang/Class;+577 java.base@20.0.1
j  java.lang.invoke.InnerClassLambdaMetafactory.spinInnerClass()Ljava/lang/Class;+114 java.base@20.0.1
j  java.lang.invoke.InnerClassLambdaMetafactory.buildCallSite()Ljava/lang/invoke/CallSite;+1 java.base@20.0.1
j  java.lang.invoke.LambdaMetafactory.metafactory(Ljava/lang/invoke/MethodHandles$Lookup;Ljava/lang/String;Ljava/lang/invoke/MethodType;Ljava/lang/invoke/MethodType;Ljava/lang/invoke/MethodHandle;Ljava/lang/invoke/MethodType;)Ljava/lang/invoke/CallSite;+67 java.base@20.0.1
j  java.lang.invoke.LambdaForm$DMH+0x0000000801080800.invokeStatic(Ljava/lang/Object;Ljava/lang/Object;Ljava/lang/Object;Ljava/lang/Object;Ljava/lang/Object;Ljava/lang/Object;Ljava/lang/Object;)Ljava/lang/Object;+27 java.base@20.0.1
j  java.lang.invoke.Invokers$Holder.invokeExact_MT(Ljava/lang/Object;Ljava/lang/Object;Ljava/lang/Object;Ljava/lang/Object;Ljava/lang/Object;Ljava/lang/Object;Ljava/lang/Object;Ljava/lang/Object;)Ljava/lang/Object;+28 java.base@20.0.1
j  java.lang.invoke.BootstrapMethodInvoker.invoke(Ljava/lang/Class;Ljava/lang/invoke/MethodHandle;Ljava/lang/String;Ljava/lang/Object;Ljava/lang/Object;Ljava/lang/Class;)Ljava/lang/Object;+319 java.base@20.0.1
j  java.lang.invoke.CallSite.makeSite(Ljava/lang/invoke/MethodHandle;Ljava/lang/String;Ljava/lang/invoke/MethodType;Ljava/lang/Object;Ljava/lang/Class;)Ljava/lang/invoke/CallSite;+8 java.base@20.0.1
j  java.lang.invoke.MethodHandleNatives.linkCallSiteImpl(Ljava/lang/Class;Ljava/lang/invoke/MethodHandle;Ljava/lang/String;Ljava/lang/invoke/MethodType;Ljava/lang/Object;[Ljava/lang/Object;)Ljava/lang/invoke/MemberName;+6 java.base@20.0.1
j  java.lang.invoke.MethodHandleNatives.linkCallSite(Ljava/lang/Object;Ljava/lang/Object;Ljava/lang/Object;Ljava/lang/Object;Ljava/lang/Object;[Ljava/lang/Object;)Ljava/lang/invoke/MemberName;+45 java.base@20.0.1
v  ~StubRoutines::call_stub 0x000001b1a30e100d
j  com.mysql.cj.MysqlCharset.<init>(Ljava/lang/String;II[Ljava/lang/String;Lcom/mysql/cj/ServerVersion;)V+70
j  com.mysql.cj.MysqlCharset.<init>(Ljava/lang/String;II[Ljava/lang/String;)V+16
j  com.mysql.cj.CharsetMapping.<clinit>()V+29
v  ~StubRoutines::call_stub 0x000001b1a30e100d
j  com.mysql.cj.protocol.a.NativeProtocol.beforeHandshake()V+28
j  com.mysql.cj.protocol.a.NativeProtocol.connect(Ljava/lang/String;Ljava/lang/String;Ljava/lang/String;)V+1
j  com.mysql.cj.NativeSession.connect(Lcom/mysql/cj/conf/HostInfo;Ljava/lang/String;Ljava/lang/String;Ljava/lang/String;ILcom/mysql/cj/TransactionEventHandler;)V+110
j  com.mysql.cj.jdbc.ConnectionImpl.connectOneTryOnly(Z)V+32
j  com.mysql.cj.jdbc.ConnectionImpl.createNewIO(Z)V+27
j  com.mysql.cj.jdbc.ConnectionImpl.<init>(Lcom/mysql/cj/conf/HostInfo;)V+753
j  com.mysql.cj.jdbc.ConnectionImpl.getInstance(Lcom/mysql/cj/conf/HostInfo;)Lcom/mysql/cj/jdbc/JdbcConnection;+5
j  com.mysql.cj.jdbc.NonRegisteringDriver.connect(Ljava/lang/String;Ljava/util/Properties;)Ljava/sql/Connection;+72
j  java.sql.DriverManager.getConnection(Ljava/lang/String;Ljava/util/Properties;Ljava/lang/Class;)Ljava/sql/Connection;+133 java.sql@20.0.1
j  java.sql.DriverManager.getConnection(Ljava/lang/String;Ljava/lang/String;Ljava/lang/String;)Ljava/sql/Connection;+37 java.sql@20.0.1
j  bank.management.system.Conn.<init>()V+11
j  bank.management.system.MiniStatement.<init>(Ljava/lang/String;)V+313
j  bank.management.system.MiniStatement.main([Ljava/lang/String;)V+6
v  ~StubRoutines::call_stub 0x000001b1a30e100d

---------------  P R O C E S S  ---------------

Threads class SMR info:
_java_thread_list=0x000001b1b5bef240, length=21, elements={
0x000001b193bd93e0, 0x000001b1b0da4ec0, 0x000001b1b0da5b60, 0x000001b1b0da9b10,
0x000001b1b0dab460, 0x000001b1b0dabed0, 0x000001b1b0dac940, 0x000001b1b0dadaf0,
0x000001b1b0db2960, 0x000001b1b0d71850, 0x000001b1b50f16a0, 0x000001b1b51d0f30,
0x000001b1b53a5890, 0x000001b1b53abf00, 0x000001b1b53b5190, 0x000001b1b5a7a930,
0x000001b1b5b2fb30, 0x000001b1b5bd9820, 0x000001b1b5c09010, 0x000001b1b5beb130,
0x000001b1b5c9d910
}

Java Threads: ( => current thread )
=>0x000001b193bd93e0 JavaThread "main" [_thread_in_vm, id=37924, stack(0x0000001b09400000,0x0000001b09500000)]
  0x000001b1b0da4ec0 JavaThread "Reference Handler" daemon [_thread_blocked, id=17680, stack(0x0000001b09b00000,0x0000001b09c00000)]
  0x000001b1b0da5b60 JavaThread "Finalizer" daemon [_thread_blocked, id=33452, stack(0x0000001b09c00000,0x0000001b09d00000)]
  0x000001b1b0da9b10 JavaThread "Signal Dispatcher" daemon [_thread_blocked, id=21316, stack(0x0000001b09d00000,0x0000001b09e00000)]
  0x000001b1b0dab460 JavaThread "Attach Listener" daemon [_thread_blocked, id=15528, stack(0x0000001b09e00000,0x0000001b09f00000)]
  0x000001b1b0dabed0 JavaThread "Service Thread" daemon [_thread_blocked, id=25128, stack(0x0000001b09f00000,0x0000001b0a000000)]
  0x000001b1b0dac940 JavaThread "Monitor Deflation Thread" daemon [_thread_blocked, id=29524, stack(0x0000001b0a000000,0x0000001b0a100000)]
  0x000001b1b0dadaf0 JavaThread "C2 CompilerThread0" daemon [_thread_blocked, id=31928, stack(0x0000001b0a100000,0x0000001b0a200000)]
  0x000001b1b0db2960 JavaThread "C1 CompilerThread0" daemon [_thread_blocked, id=19372, stack(0x0000001b0a200000,0x0000001b0a300000)]
  0x000001b1b0d71850 JavaThread "Common-Cleaner" daemon [_thread_blocked, id=7784, stack(0x0000001b0a300000,0x0000001b0a400000)]
  0x000001b1b50f16a0 JavaThread "C1 CompilerThread1" daemon [_thread_blocked, id=16836, stack(0x0000001b0a400000,0x0000001b0a500000)]
  0x000001b1b51d0f30 JavaThread "Notification Thread" daemon [_thread_blocked, id=19236, stack(0x0000001b0a600000,0x0000001b0a700000)]
  0x000001b1b53a5890 JavaThread "Java2D Disposer" daemon [_thread_blocked, id=36892, stack(0x0000001b0a800000,0x0000001b0a900000)]
  0x000001b1b53abf00 JavaThread "AWT-Shutdown" [_thread_blocked, id=25868, stack(0x0000001b0a900000,0x0000001b0aa00000)]
  0x000001b1b53b5190 JavaThread "AWT-Windows" daemon [_thread_in_native, id=34904, stack(0x0000001b0aa00000,0x0000001b0ab00000)]
  0x000001b1b5a7a930 JavaThread "Image Fetcher 0" daemon [_thread_blocked, id=36920, stack(0x0000001b0a500000,0x0000001b0a600000)]
  0x000001b1b5b2fb30 JavaThread "C1 CompilerThread2" daemon [_thread_blocked, id=32196, stack(0x0000001b0ad00000,0x0000001b0ae00000)]
  0x000001b1b5bd9820 JavaThread "C2 CompilerThread1" daemon [_thread_blocked, id=22608, stack(0x0000001b0ae00000,0x0000001b0af00000)]
  0x000001b1b5c09010 JavaThread "C1 CompilerThread3" daemon [_thread_blocked, id=34716, stack(0x0000001b0af00000,0x0000001b0b000000)]
  0x000001b1b5beb130 JavaThread "mysql-cj-abandoned-connection-cleanup" daemon [_thread_blocked, id=28980, stack(0x0000001b0b000000,0x0000001b0b100000)]
  0x000001b1b5c9d910 JavaThread "C2 CompilerThread2" daemon [_thread_blocked, id=36160, stack(0x0000001b0b100000,0x0000001b0b200000)]

Other Threads:
  0x000001b1b0d87f10 VMThread "VM Thread" [stack: 0x0000001b09a00000,0x0000001b09b00000] [id=19520]
  0x000001b1b51d1480 WatcherThread "VM Periodic Task Thread" [stack: 0x0000001b0a700000,0x0000001b0a800000] [id=20320]
  0x000001b193c370b0 WorkerThread "GC Thread#0" [stack: 0x0000001b09500000,0x0000001b09600000] [id=7656]
  0x000001b193c46d40 ConcurrentGCThread "G1 Main Marker" [stack: 0x0000001b09600000,0x0000001b09700000] [id=35196]
  0x000001b193c47910 WorkerThread "G1 Conc#0" [stack: 0x0000001b09700000,0x0000001b09800000] [id=38544]
  0x000001b1b0c46630 ConcurrentGCThread "G1 Refine#0" [stack: 0x0000001b09800000,0x0000001b09900000] [id=22332]
  0x000001b1b0c46ee0 ConcurrentGCThread "G1 Service" [stack: 0x0000001b09900000,0x0000001b09a00000] [id=37492]

Threads with active compile tasks:

VM state: not at safepoint (normal execution)

VM Mutex/Monitor currently owned by a thread:  ([mutex/lock_event])
[0x000001b193bd3180] Metaspace_lock - owner thread: 0x000001b193bd93e0

Heap address: 0x0000000089400000, size: 1900 MB, Compressed Oops mode: 32-bit

CDS archive(s) mapped at: [0x0000000800000000-0x0000000800c60000-0x0000000800c60000), size 12976128, SharedBaseAddress: 0x0000000800000000, ArchiveRelocationMode: 0.
Compressed class space mapped at: 0x0000000801000000-0x0000000841000000, reserved size: 1073741824
Narrow klass base: 0x0000000800000000, Narrow klass shift: 0, Narrow klass range: 0x100000000

GC Precious Log:
 CardTable entry size: 512
 Card Set container configuration: InlinePtr #cards 5 size 8 Array Of Cards #cards 12 size 40 Howl #buckets 4 coarsen threshold 1843 Howl Bitmap #cards 512 size 80 coarsen threshold 460 Card regions per heap region 1 cards per card region 2048
 CPUs: 16 total, 16 available
 Memory: 7597M
 Large Page Support: Disabled
 NUMA Support: Disabled
 Compressed Oops: Enabled (32-bit)
 Heap Region Size: 1M
 Heap Min Capacity: 8M
 Heap Initial Capacity: 120M
 Heap Max Capacity: 1900M
 Pre-touch: Disabled
 Parallel Workers: 13
 Concurrent Workers: 3
 Concurrent Refinement Workers: 13
 Periodic GC: Disabled

Heap:
 garbage-first heap   total 122880K, used 27648K [0x0000000089400000, 0x0000000100000000)
  region size 1024K, 21 young (21504K), 0 survivors (0K)
 Metaspace       used 7783K, committed 8000K, reserved 1114112K
  class space    used 786K, committed 896K, reserved 1048576K

Heap Regions: E=young(eden), S=young(survivor), O=old, HS=humongous(starts), HC=humongous(continues), CS=collection set, F=free, OA=open archive, CA=closed archive, TAMS=top-at-mark-start, PB=parsable bottom
|   0|0x0000000089400000, 0x0000000089500000, 0x0000000089500000|100%|HS|  |TAMS 0x0000000089400000| PB 0x0000000089400000| Complete 
|   1|0x0000000089500000, 0x0000000089600000, 0x0000000089600000|100%|HC|  |TAMS 0x0000000089500000| PB 0x0000000089500000| Complete 
|   2|0x0000000089600000, 0x0000000089700000, 0x0000000089700000|100%|HC|  |TAMS 0x0000000089600000| PB 0x0000000089600000| Complete 
|   3|0x0000000089700000, 0x0000000089800000, 0x0000000089800000|100%|HC|  |TAMS 0x0000000089700000| PB 0x0000000089700000| Complete 
|   4|0x0000000089800000, 0x0000000089900000, 0x0000000089900000|100%|HS|  |TAMS 0x0000000089800000| PB 0x0000000089800000| Complete 
|   5|0x0000000089900000, 0x0000000089a00000, 0x0000000089a00000|100%|HC|  |TAMS 0x0000000089900000| PB 0x0000000089900000| Complete 
|   6|0x0000000089a00000, 0x0000000089b00000, 0x0000000089b00000|100%|HC|  |TAMS 0x0000000089a00000| PB 0x0000000089a00000| Complete 
|   7|0x0000000089b00000, 0x0000000089c00000, 0x0000000089c00000|100%|HC|  |TAMS 0x0000000089b00000| PB 0x0000000089b00000| Complete 
|   8|0x0000000089c00000, 0x0000000089c00000, 0x0000000089d00000|  0%| F|  |TAMS 0x0000000089c00000| PB 0x0000000089c00000| Untracked 
|   9|0x0000000089d00000, 0x0000000089d00000, 0x0000000089e00000|  0%| F|  |TAMS 0x0000000089d00000| PB 0x0000000089d00000| Untracked 
|  10|0x0000000089e00000, 0x0000000089e00000, 0x0000000089f00000|  0%| F|  |TAMS 0x0000000089e00000| PB 0x0000000089e00000| Untracked 
|  11|0x0000000089f00000, 0x0000000089f00000, 0x000000008a000000|  0%| F|  |TAMS 0x0000000089f00000| PB 0x0000000089f00000| Untracked 
|  12|0x000000008a000000, 0x000000008a000000, 0x000000008a100000|  0%| F|  |TAMS 0x000000008a000000| PB 0x000000008a000000| Untracked 
|  13|0x000000008a100000, 0x000000008a100000, 0x000000008a200000|  0%| F|  |TAMS 0x000000008a100000| PB 0x000000008a100000| Untracked 
|  14|0x000000008a200000, 0x000000008a200000, 0x000000008a300000|  0%| F|  |TAMS 0x000000008a200000| PB 0x000000008a200000| Untracked 
|  15|0x000000008a300000, 0x000000008a300000, 0x000000008a400000|  0%| F|  |TAMS 0x000000008a300000| PB 0x000000008a300000| Untracked 
|  16|0x000000008a400000, 0x000000008a400000, 0x000000008a500000|  0%| F|  |TAMS 0x000000008a400000| PB 0x000000008a400000| Untracked 
|  17|0x000000008a500000, 0x000000008a500000, 0x000000008a600000|  0%| F|  |TAMS 0x000000008a500000| PB 0x000000008a500000| Untracked 
|  18|0x000000008a600000, 0x000000008a600000, 0x000000008a700000|  0%| F|  |TAMS 0x000000008a600000| PB 0x000000008a600000| Untracked 
|  19|0x000000008a700000, 0x000000008a700000, 0x000000008a800000|  0%| F|  |TAMS 0x000000008a700000| PB 0x000000008a700000| Untracked 
|  20|0x000000008a800000, 0x000000008a800000, 0x000000008a900000|  0%| F|  |TAMS 0x000000008a800000| PB 0x000000008a800000| Untracked 
|  21|0x000000008a900000, 0x000000008a900000, 0x000000008aa00000|  0%| F|  |TAMS 0x000000008a900000| PB 0x000000008a900000| Untracked 
|  22|0x000000008aa00000, 0x000000008aa00000, 0x000000008ab00000|  0%| F|  |TAMS 0x000000008aa00000| PB 0x000000008aa00000| Untracked 
|  23|0x000000008ab00000, 0x000000008ab00000, 0x000000008ac00000|  0%| F|  |TAMS 0x000000008ab00000| PB 0x000000008ab00000| Untracked 
|  24|0x000000008ac00000, 0x000000008ac00000, 0x000000008ad00000|  0%| F|  |TAMS 0x000000008ac00000| PB 0x000000008ac00000| Untracked 
|  25|0x000000008ad00000, 0x000000008ad00000, 0x000000008ae00000|  0%| F|  |TAMS 0x000000008ad00000| PB 0x000000008ad00000| Untracked 
|  26|0x000000008ae00000, 0x000000008ae00000, 0x000000008af00000|  0%| F|  |TAMS 0x000000008ae00000| PB 0x000000008ae00000| Untracked 
|  27|0x000000008af00000, 0x000000008af00000, 0x000000008b000000|  0%| F|  |TAMS 0x000000008af00000| PB 0x000000008af00000| Untracked 
|  28|0x000000008b000000, 0x000000008b000000, 0x000000008b100000|  0%| F|  |TAMS 0x000000008b000000| PB 0x000000008b000000| Untracked 
|  29|0x000000008b100000, 0x000000008b100000, 0x000000008b200000|  0%| F|  |TAMS 0x000000008b100000| PB 0x000000008b100000| Untracked 
|  30|0x000000008b200000, 0x000000008b200000, 0x000000008b300000|  0%| F|  |TAMS 0x000000008b200000| PB 0x000000008b200000| Untracked 
|  31|0x000000008b300000, 0x000000008b300000, 0x000000008b400000|  0%| F|  |TAMS 0x000000008b300000| PB 0x000000008b300000| Untracked 
|  32|0x000000008b400000, 0x000000008b400000, 0x000000008b500000|  0%| F|  |TAMS 0x000000008b400000| PB 0x000000008b400000| Untracked 
|  33|0x000000008b500000, 0x000000008b500000, 0x000000008b600000|  0%| F|  |TAMS 0x000000008b500000| PB 0x000000008b500000| Untracked 
|  34|0x000000008b600000, 0x000000008b600000, 0x000000008b700000|  0%| F|  |TAMS 0x000000008b600000| PB 0x000000008b600000| Untracked 
|  35|0x000000008b700000, 0x000000008b700000, 0x000000008b800000|  0%| F|  |TAMS 0x000000008b700000| PB 0x000000008b700000| Untracked 
|  36|0x000000008b800000, 0x000000008b800000, 0x000000008b900000|  0%| F|  |TAMS 0x000000008b800000| PB 0x000000008b800000| Untracked 
|  37|0x000000008b900000, 0x000000008b900000, 0x000000008ba00000|  0%| F|  |TAMS 0x000000008b900000| PB 0x000000008b900000| Untracked 
|  38|0x000000008ba00000, 0x000000008ba00000, 0x000000008bb00000|  0%| F|  |TAMS 0x000000008ba00000| PB 0x000000008ba00000| Untracked 
|  39|0x000000008bb00000, 0x000000008bb00000, 0x000000008bc00000|  0%| F|  |TAMS 0x000000008bb00000| PB 0x000000008bb00000| Untracked 
|  40|0x000000008bc00000, 0x000000008bc00000, 0x000000008bd00000|  0%| F|  |TAMS 0x000000008bc00000| PB 0x000000008bc00000| Untracked 
|  41|0x000000008bd00000, 0x000000008bd00000, 0x000000008be00000|  0%| F|  |TAMS 0x000000008bd00000| PB 0x000000008bd00000| Untracked 
|  42|0x000000008be00000, 0x000000008be00000, 0x000000008bf00000|  0%| F|  |TAMS 0x000000008be00000| PB 0x000000008be00000| Untracked 
|  43|0x000000008bf00000, 0x000000008bf00000, 0x000000008c000000|  0%| F|  |TAMS 0x000000008bf00000| PB 0x000000008bf00000| Untracked 
|  44|0x000000008c000000, 0x000000008c000000, 0x000000008c100000|  0%| F|  |TAMS 0x000000008c000000| PB 0x000000008c000000| Untracked 
|  45|0x000000008c100000, 0x000000008c100000, 0x000000008c200000|  0%| F|  |TAMS 0x000000008c100000| PB 0x000000008c100000| Untracked 
|  46|0x000000008c200000, 0x000000008c200000, 0x000000008c300000|  0%| F|  |TAMS 0x000000008c200000| PB 0x000000008c200000| Untracked 
|  47|0x000000008c300000, 0x000000008c300000, 0x000000008c400000|  0%| F|  |TAMS 0x000000008c300000| PB 0x000000008c300000| Untracked 
|  48|0x000000008c400000, 0x000000008c400000, 0x000000008c500000|  0%| F|  |TAMS 0x000000008c400000| PB 0x000000008c400000| Untracked 
|  49|0x000000008c500000, 0x000000008c500000, 0x000000008c600000|  0%| F|  |TAMS 0x000000008c500000| PB 0x000000008c500000| Untracked 
|  50|0x000000008c600000, 0x000000008c600000, 0x000000008c700000|  0%| F|  |TAMS 0x000000008c600000| PB 0x000000008c600000| Untracked 
|  51|0x000000008c700000, 0x000000008c700000, 0x000000008c800000|  0%| F|  |TAMS 0x000000008c700000| PB 0x000000008c700000| Untracked 
|  52|0x000000008c800000, 0x000000008c800000, 0x000000008c900000|  0%| F|  |TAMS 0x000000008c800000| PB 0x000000008c800000| Untracked 
|  53|0x000000008c900000, 0x000000008c900000, 0x000000008ca00000|  0%| F|  |TAMS 0x000000008c900000| PB 0x000000008c900000| Untracked 
|  54|0x000000008ca00000, 0x000000008ca00000, 0x000000008cb00000|  0%| F|  |TAMS 0x000000008ca00000| PB 0x000000008ca00000| Untracked 
|  55|0x000000008cb00000, 0x000000008cb00000, 0x000000008cc00000|  0%| F|  |TAMS 0x000000008cb00000| PB 0x000000008cb00000| Untracked 
|  56|0x000000008cc00000, 0x000000008cc00000, 0x000000008cd00000|  0%| F|  |TAMS 0x000000008cc00000| PB 0x000000008cc00000| Untracked 
|  57|0x000000008cd00000, 0x000000008cd00000, 0x000000008ce00000|  0%| F|  |TAMS 0x000000008cd00000| PB 0x000000008cd00000| Untracked 
|  58|0x000000008ce00000, 0x000000008ce00000, 0x000000008cf00000|  0%| F|  |TAMS 0x000000008ce00000| PB 0x000000008ce00000| Untracked 
|  59|0x000000008cf00000, 0x000000008cf00000, 0x000000008d000000|  0%| F|  |TAMS 0x000000008cf00000| PB 0x000000008cf00000| Untracked 
|  60|0x000000008d000000, 0x000000008d000000, 0x000000008d100000|  0%| F|  |TAMS 0x000000008d000000| PB 0x000000008d000000| Untracked 
|  61|0x000000008d100000, 0x000000008d100000, 0x000000008d200000|  0%| F|  |TAMS 0x000000008d100000| PB 0x000000008d100000| Untracked 
|  62|0x000000008d200000, 0x000000008d200000, 0x000000008d300000|  0%| F|  |TAMS 0x000000008d200000| PB 0x000000008d200000| Untracked 
|  63|0x000000008d300000, 0x000000008d300000, 0x000000008d400000|  0%| F|  |TAMS 0x000000008d300000| PB 0x000000008d300000| Untracked 
|  64|0x000000008d400000, 0x000000008d400000, 0x000000008d500000|  0%| F|  |TAMS 0x000000008d400000| PB 0x000000008d400000| Untracked 
|  65|0x000000008d500000, 0x000000008d500000, 0x000000008d600000|  0%| F|  |TAMS 0x000000008d500000| PB 0x000000008d500000| Untracked 
|  66|0x000000008d600000, 0x000000008d600000, 0x000000008d700000|  0%| F|  |TAMS 0x000000008d600000| PB 0x000000008d600000| Untracked 
|  67|0x000000008d700000, 0x000000008d700000, 0x000000008d800000|  0%| F|  |TAMS 0x000000008d700000| PB 0x000000008d700000| Untracked 
|  68|0x000000008d800000, 0x000000008d800000, 0x000000008d900000|  0%| F|  |TAMS 0x000000008d800000| PB 0x000000008d800000| Untracked 
|  69|0x000000008d900000, 0x000000008d900000, 0x000000008da00000|  0%| F|  |TAMS 0x000000008d900000| PB 0x000000008d900000| Untracked 
|  70|0x000000008da00000, 0x000000008da00000, 0x000000008db00000|  0%| F|  |TAMS 0x000000008da00000| PB 0x000000008da00000| Untracked 
|  71|0x000000008db00000, 0x000000008db00000, 0x000000008dc00000|  0%| F|  |TAMS 0x000000008db00000| PB 0x000000008db00000| Untracked 
|  72|0x000000008dc00000, 0x000000008dc00000, 0x000000008dd00000|  0%| F|  |TAMS 0x000000008dc00000| PB 0x000000008dc00000| Untracked 
|  73|0x000000008dd00000, 0x000000008dd00000, 0x000000008de00000|  0%| F|  |TAMS 0x000000008dd00000| PB 0x000000008dd00000| Untracked 
|  74|0x000000008de00000, 0x000000008de00000, 0x000000008df00000|  0%| F|  |TAMS 0x000000008de00000| PB 0x000000008de00000| Untracked 
|  75|0x000000008df00000, 0x000000008df00000, 0x000000008e000000|  0%| F|  |TAMS 0x000000008df00000| PB 0x000000008df00000| Untracked 
|  76|0x000000008e000000, 0x000000008e000000, 0x000000008e100000|  0%| F|  |TAMS 0x000000008e000000| PB 0x000000008e000000| Untracked 
|  77|0x000000008e100000, 0x000000008e100000, 0x000000008e200000|  0%| F|  |TAMS 0x000000008e100000| PB 0x000000008e100000| Untracked 
|  78|0x000000008e200000, 0x000000008e200000, 0x000000008e300000|  0%| F|  |TAMS 0x000000008e200000| PB 0x000000008e200000| Untracked 
|  79|0x000000008e300000, 0x000000008e300000, 0x000000008e400000|  0%| F|  |TAMS 0x000000008e300000| PB 0x000000008e300000| Untracked 
|  80|0x000000008e400000, 0x000000008e400000, 0x000000008e500000|  0%| F|  |TAMS 0x000000008e400000| PB 0x000000008e400000| Untracked 
|  81|0x000000008e500000, 0x000000008e500000, 0x000000008e600000|  0%| F|  |TAMS 0x000000008e500000| PB 0x000000008e500000| Untracked 
|  82|0x000000008e600000, 0x000000008e600000, 0x000000008e700000|  0%| F|  |TAMS 0x000000008e600000| PB 0x000000008e600000| Untracked 
|  83|0x000000008e700000, 0x000000008e700000, 0x000000008e800000|  0%| F|  |TAMS 0x000000008e700000| PB 0x000000008e700000| Untracked 
|  84|0x000000008e800000, 0x000000008e800000, 0x000000008e900000|  0%| F|  |TAMS 0x000000008e800000| PB 0x000000008e800000| Untracked 
|  85|0x000000008e900000, 0x000000008e900000, 0x000000008ea00000|  0%| F|  |TAMS 0x000000008e900000| PB 0x000000008e900000| Untracked 
|  86|0x000000008ea00000, 0x000000008ea00000, 0x000000008eb00000|  0%| F|  |TAMS 0x000000008ea00000| PB 0x000000008ea00000| Untracked 
|  87|0x000000008eb00000, 0x000000008eb00000, 0x000000008ec00000|  0%| F|  |TAMS 0x000000008eb00000| PB 0x000000008eb00000| Untracked 
|  88|0x000000008ec00000, 0x000000008ec00000, 0x000000008ed00000|  0%| F|  |TAMS 0x000000008ec00000| PB 0x000000008ec00000| Untracked 
|  89|0x000000008ed00000, 0x000000008ed00000, 0x000000008ee00000|  0%| F|  |TAMS 0x000000008ed00000| PB 0x000000008ed00000| Untracked 
|  90|0x000000008ee00000, 0x000000008ee00000, 0x000000008ef00000|  0%| F|  |TAMS 0x000000008ee00000| PB 0x000000008ee00000| Untracked 
|  91|0x000000008ef00000, 0x000000008ef00000, 0x000000008f000000|  0%| F|  |TAMS 0x000000008ef00000| PB 0x000000008ef00000| Untracked 
|  92|0x000000008f000000, 0x000000008f000000, 0x000000008f100000|  0%| F|  |TAMS 0x000000008f000000| PB 0x000000008f000000| Untracked 
|  93|0x000000008f100000, 0x000000008f100000, 0x000000008f200000|  0%| F|  |TAMS 0x000000008f100000| PB 0x000000008f100000| Untracked 
|  94|0x000000008f200000, 0x000000008f200000, 0x000000008f300000|  0%| F|  |TAMS 0x000000008f200000| PB 0x000000008f200000| Untracked 
|  95|0x000000008f300000, 0x000000008f300000, 0x000000008f400000|  0%| F|  |TAMS 0x000000008f300000| PB 0x000000008f300000| Untracked 
|  96|0x000000008f400000, 0x000000008f400000, 0x000000008f500000|  0%| F|  |TAMS 0x000000008f400000| PB 0x000000008f400000| Untracked 
|  97|0x000000008f500000, 0x000000008f500000, 0x000000008f600000|  0%| F|  |TAMS 0x000000008f500000| PB 0x000000008f500000| Untracked 
|  98|0x000000008f600000, 0x000000008f600000, 0x000000008f700000|  0%| F|  |TAMS 0x000000008f600000| PB 0x000000008f600000| Untracked 
|  99|0x000000008f700000, 0x000000008f800000, 0x000000008f800000|100%| E|  |TAMS 0x000000008f700000| PB 0x000000008f700000| Complete 
| 100|0x000000008f800000, 0x000000008f900000, 0x000000008f900000|100%| E|  |TAMS 0x000000008f800000| PB 0x000000008f800000| Complete 
| 101|0x000000008f900000, 0x000000008fa00000, 0x000000008fa00000|100%| E|CS|TAMS 0x000000008f900000| PB 0x000000008f900000| Complete 
| 102|0x000000008fa00000, 0x000000008fb00000, 0x000000008fb00000|100%| E|CS|TAMS 0x000000008fa00000| PB 0x000000008fa00000| Complete 
| 103|0x000000008fb00000, 0x000000008fc00000, 0x000000008fc00000|100%| E|CS|TAMS 0x000000008fb00000| PB 0x000000008fb00000| Complete 
| 104|0x000000008fc00000, 0x000000008fd00000, 0x000000008fd00000|100%| E|CS|TAMS 0x000000008fc00000| PB 0x000000008fc00000| Complete 
| 105|0x000000008fd00000, 0x000000008fe00000, 0x000000008fe00000|100%| E|CS|TAMS 0x000000008fd00000| PB 0x000000008fd00000| Complete 
| 106|0x000000008fe00000, 0x000000008ff00000, 0x000000008ff00000|100%| E|CS|TAMS 0x000000008fe00000| PB 0x000000008fe00000| Complete 
| 107|0x000000008ff00000, 0x0000000090000000, 0x0000000090000000|100%| E|CS|TAMS 0x000000008ff00000| PB 0x000000008ff00000| Complete 
| 108|0x0000000090000000, 0x0000000090100000, 0x0000000090100000|100%| E|CS|TAMS 0x0000000090000000| PB 0x0000000090000000| Complete 
| 109|0x0000000090100000, 0x0000000090200000, 0x0000000090200000|100%| E|CS|TAMS 0x0000000090100000| PB 0x0000000090100000| Complete 
| 110|0x0000000090200000, 0x0000000090300000, 0x0000000090300000|100%| E|CS|TAMS 0x0000000090200000| PB 0x0000000090200000| Complete 
| 111|0x0000000090300000, 0x0000000090400000, 0x0000000090400000|100%| E|CS|TAMS 0x0000000090300000| PB 0x0000000090300000| Complete 
| 112|0x0000000090400000, 0x0000000090500000, 0x0000000090500000|100%| E|CS|TAMS 0x0000000090400000| PB 0x0000000090400000| Complete 
| 113|0x0000000090500000, 0x0000000090600000, 0x0000000090600000|100%| E|CS|TAMS 0x0000000090500000| PB 0x0000000090500000| Complete 
| 114|0x0000000090600000, 0x0000000090700000, 0x0000000090700000|100%| E|CS|TAMS 0x0000000090600000| PB 0x0000000090600000| Complete 
| 115|0x0000000090700000, 0x0000000090800000, 0x0000000090800000|100%| E|CS|TAMS 0x0000000090700000| PB 0x0000000090700000| Complete 
| 116|0x0000000090800000, 0x0000000090900000, 0x0000000090900000|100%| E|CS|TAMS 0x0000000090800000| PB 0x0000000090800000| Complete 
| 117|0x0000000090900000, 0x0000000090a00000, 0x0000000090a00000|100%| E|CS|TAMS 0x0000000090900000| PB 0x0000000090900000| Complete 
| 118|0x0000000090a00000, 0x0000000090b00000, 0x0000000090b00000|100%| E|CS|TAMS 0x0000000090a00000| PB 0x0000000090a00000| Complete 
| 119|0x0000000090b00000, 0x0000000090c00000, 0x0000000090c00000|100%| E|CS|TAMS 0x0000000090b00000| PB 0x0000000090b00000| Complete 

Card table byte_map: [0x000001b1ab8d0000,0x000001b1abc90000] _byte_map_base: 0x000001b1ab486000

Marking Bits: (CMBitMap*) 0x000001b193c376e0
 Bits: [0x000001b1ac050000, 0x000001b1ade00000)

Polling page: 0x000001b191b60000

Metaspace:

Usage:
  Non-class:      6.83 MB used.
      Class:    786.18 KB used.
       Both:      7.60 MB used.

Virtual space:
  Non-class space:       64.00 MB reserved,       6.94 MB ( 11%) committed,  1 nodes.
      Class space:        1.00 GB reserved,     896.00 KB ( <1%) committed,  1 nodes.
             Both:        1.06 GB reserved,       7.81 MB ( <1%) committed. 

Chunk freelists:
   Non-Class:  256.00 KB
       Class:  3.05 MB
        Both:  3.30 MB

MaxMetaspaceSize: unlimited
CompressedClassSpaceSize: 1.00 GB
Initial GC threshold: 21.00 MB
Current GC threshold: 21.00 MB
CDS: on
MetaspaceReclaimPolicy: balanced
 - commit_granule_bytes: 65536.
 - commit_granule_words: 8192.
 - virtual_space_node_default_size: 8388608.
 - enlarge_chunks_in_place: 1.
 - new_chunks_are_fully_committed: 0.
 - uncommit_free_chunks: 1.
 - use_allocation_guard: 0.


Internal statistics:

num_allocs_failed_limit: 0.
num_arena_births: 152.
num_arena_deaths: 0.
num_vsnodes_births: 2.
num_vsnodes_deaths: 0.
num_space_committed: 125.
num_space_uncommitted: 0.
num_chunks_returned_to_freelist: 0.
num_chunks_taken_from_freelist: 262.
num_chunk_merges: 0.
num_chunk_splits: 167.
num_chunks_enlarged: 99.
num_inconsistent_stats: 0.

CodeHeap 'non-profiled nmethods': size=119168Kb used=341Kb max_used=341Kb free=118826Kb
 bounds [0x000001b1a3830000, 0x000001b1a3aa0000, 0x000001b1aac90000]
CodeHeap 'profiled nmethods': size=119104Kb used=1782Kb max_used=1782Kb free=117321Kb
 bounds [0x000001b19bc90000, 0x000001b19bf00000, 0x000001b1a30e0000]
CodeHeap 'non-nmethods': size=7488Kb used=3259Kb max_used=3278Kb free=4228Kb
 bounds [0x000001b1a30e0000, 0x000001b1a3420000, 0x000001b1a3830000]
 total_blobs=1665 nmethods=1077 adapters=496
 compilation: enabled
              stopped_count=0, restarted_count=0
 full_count=0

Compilation events (20 events):
Event: 0.772 Thread 0x000001b1b0db2960 1067   !   3       java.util.concurrent.ConcurrentHashMap::computeIfAbsent (576 bytes)
Event: 0.774 Thread 0x000001b1b5c09010 1068       3       java.io.InputStream::<init> (5 bytes)
Event: 0.774 Thread 0x000001b1b5c09010 nmethod 1068 0x000001b19be45390 code [0x000001b19be45520, 0x000001b19be45688]
Event: 0.774 Thread 0x000001b1b0db2960 nmethod 1067 0x000001b19be45790 code [0x000001b19be45ba0, 0x000001b19be47f18]
Event: 0.777 Thread 0x000001b1b5bd9820 1069       4       java.util.HashMap::getNode (150 bytes)
Event: 0.778 Thread 0x000001b1b50f16a0 1070   !   3       java.util.zip.Inflater::needsInput (55 bytes)
Event: 0.778 Thread 0x000001b1b5b2fb30 1071   !   3       java.util.zip.Inflater::inflate (456 bytes)
Event: 0.779 Thread 0x000001b1b50f16a0 nmethod 1070 0x000001b19be48f90 code [0x000001b19be49140, 0x000001b19be49510]
Event: 0.782 Thread 0x000001b1b5b2fb30 nmethod 1071 0x000001b19be49690 code [0x000001b19be49a40, 0x000001b19be4b968]
Event: 0.786 Thread 0x000001b1b5bd9820 nmethod 1069 0x000001b1a3881310 code [0x000001b1a38814c0, 0x000001b1a3881820]
Event: 0.794 Thread 0x000001b1b50f16a0 1072       3       java.lang.Record::<init> (5 bytes)
Event: 0.794 Thread 0x000001b1b50f16a0 nmethod 1072 0x000001b19be4c990 code [0x000001b19be4cb20, 0x000001b19be4cc88]
Event: 0.794 Thread 0x000001b1b50f16a0 1073       3       java.util.ArrayDeque::elementAt (4 bytes)
Event: 0.794 Thread 0x000001b1b50f16a0 nmethod 1073 0x000001b19be4cd90 code [0x000001b19be4cf20, 0x000001b19be4d038]
Event: 0.795 Thread 0x000001b1b50f16a0 1074       3       java.util.LinkedHashMap::get (29 bytes)
Event: 0.796 Thread 0x000001b1b50f16a0 nmethod 1074 0x000001b19be4d110 code [0x000001b19be4d2c0, 0x000001b19be4d578]
Event: 0.797 Thread 0x000001b1b5c9d910 1075       4       java.lang.String::getBytes (44 bytes)
Event: 0.798 Thread 0x000001b1b5c09010 1076       3       java.lang.Float::isNaN (12 bytes)
Event: 0.798 Thread 0x000001b1b5bd9820 1077       4       java.util.HashMap::put (13 bytes)
Event: 0.798 Thread 0x000001b1b5c09010 nmethod 1076 0x000001b19be4d690 code [0x000001b19be4d820, 0x000001b19be4d990]

GC Heap History (0 events):
No events

Dll operation events (9 events):
Event: 0.006 Loaded shared library C:\Program Files\Java\jdk-20\bin\java.dll
Event: 0.015 Loaded shared library C:\Program Files\Java\jdk-20\bin\jsvml.dll
Event: 0.066 Loaded shared library C:\Program Files\Java\jdk-20\bin\net.dll
Event: 0.068 Loaded shared library C:\Program Files\Java\jdk-20\bin\nio.dll
Event: 0.096 Loaded shared library C:\Program Files\Java\jdk-20\bin\zip.dll
Event: 0.113 Loaded shared library C:\Program Files\Java\jdk-20\bin\jimage.dll
Event: 0.132 Loaded shared library C:\Program Files\Java\jdk-20\bin\awt.dll
Event: 0.450 Loaded shared library C:\Program Files\Java\jdk-20\bin\javajpeg.dll
Event: 0.761 Loaded shared library C:\Program Files\Java\jdk-20\bin\extnet.dll

Deoptimization events (20 events):
Event: 0.587 Thread 0x000001b193bd93e0 Uncommon trap: trap_request=0xffffffde fr.pc=0x000001b1a385db9c relative=0x00000000000002dc
Event: 0.587 Thread 0x000001b193bd93e0 Uncommon trap: reason=class_check action=maybe_recompile pc=0x000001b1a385db9c method=java.util.regex.Pattern$BmpCharPropertyGreedy.match(Ljava/util/regex/Matcher;ILjava/lang/CharSequence;)Z @ 26 c2
Event: 0.587 Thread 0x000001b193bd93e0 DEOPT PACKING pc=0x000001b1a385db9c sp=0x0000001b094fedf0
Event: 0.587 Thread 0x000001b193bd93e0 DEOPT UNPACKING pc=0x000001b1a3149d22 sp=0x0000001b094feda8 mode 2
Event: 0.587 Thread 0x000001b193bd93e0 Uncommon trap: trap_request=0xffffffde fr.pc=0x000001b1a385db9c relative=0x00000000000002dc
Event: 0.587 Thread 0x000001b193bd93e0 Uncommon trap: reason=class_check action=maybe_recompile pc=0x000001b1a385db9c method=java.util.regex.Pattern$BmpCharPropertyGreedy.match(Ljava/util/regex/Matcher;ILjava/lang/CharSequence;)Z @ 26 c2
Event: 0.587 Thread 0x000001b193bd93e0 DEOPT PACKING pc=0x000001b1a385db9c sp=0x0000001b094fede0
Event: 0.587 Thread 0x000001b193bd93e0 DEOPT UNPACKING pc=0x000001b1a3149d22 sp=0x0000001b094fed98 mode 2
Event: 0.587 Thread 0x000001b193bd93e0 Uncommon trap: trap_request=0xffffffde fr.pc=0x000001b1a385db9c relative=0x00000000000002dc
Event: 0.587 Thread 0x000001b193bd93e0 Uncommon trap: reason=class_check action=maybe_recompile pc=0x000001b1a385db9c method=java.util.regex.Pattern$BmpCharPropertyGreedy.match(Ljava/util/regex/Matcher;ILjava/lang/CharSequence;)Z @ 26 c2
Event: 0.587 Thread 0x000001b193bd93e0 DEOPT PACKING pc=0x000001b1a385db9c sp=0x0000001b094fecc0
Event: 0.587 Thread 0x000001b193bd93e0 DEOPT UNPACKING pc=0x000001b1a3149d22 sp=0x0000001b094fec78 mode 2
Event: 0.612 Thread 0x000001b193bd93e0 DEOPT PACKING pc=0x000001b19bc98dc1 sp=0x0000001b094fc130
Event: 0.612 Thread 0x000001b193bd93e0 DEOPT UNPACKING pc=0x000001b1a314a4c2 sp=0x0000001b094fb5a8 mode 0
Event: 0.676 Thread 0x000001b193bd93e0 DEOPT PACKING pc=0x000001b19bdef147 sp=0x0000001b094fbaa0
Event: 0.676 Thread 0x000001b193bd93e0 DEOPT UNPACKING pc=0x000001b1a314a4c2 sp=0x0000001b094faf38 mode 0
Event: 0.750 Thread 0x000001b193bd93e0 Uncommon trap: trap_request=0xffffff45 fr.pc=0x000001b1a387e014 relative=0x0000000000000d74
Event: 0.750 Thread 0x000001b193bd93e0 Uncommon trap: reason=unstable_if action=reinterpret pc=0x000001b1a387e014 method=java.util.concurrent.ConcurrentHashMap.putVal(Ljava/lang/Object;Ljava/lang/Object;Z)Ljava/lang/Object; @ 148 c2
Event: 0.750 Thread 0x000001b193bd93e0 DEOPT PACKING pc=0x000001b1a387e014 sp=0x0000001b094fead0
Event: 0.750 Thread 0x000001b193bd93e0 DEOPT UNPACKING pc=0x000001b1a3149d22 sp=0x0000001b094fea50 mode 2

Classes loaded (20 events):
Event: 0.765 Loading class java/net/Socket$SocketInputStream
Event: 0.765 Loading class java/net/Socket$SocketInputStream done
Event: 0.765 Loading class sun/nio/ch/NioSocketImpl$1
Event: 0.765 Loading class sun/nio/ch/NioSocketImpl$1 done
Event: 0.765 Loading class java/io/EOFException
Event: 0.765 Loading class java/io/EOFException done
Event: 0.765 Loading class java/net/Socket$SocketOutputStream
Event: 0.766 Loading class java/net/Socket$SocketOutputStream done
Event: 0.766 Loading class sun/nio/ch/NioSocketImpl$2
Event: 0.766 Loading class sun/nio/ch/NioSocketImpl$2 done
Event: 0.776 Loading class java/net/MalformedURLException
Event: 0.776 Loading class java/net/MalformedURLException done
Event: 0.776 Loading class java/nio/file/InvalidPathException
Event: 0.776 Loading class java/nio/file/InvalidPathException done
Event: 0.776 Loading class java/net/URISyntaxException
Event: 0.776 Loading class java/net/URISyntaxException done
Event: 0.777 Loading class java/lang/UnsupportedOperationException
Event: 0.777 Loading class java/lang/UnsupportedOperationException done
Event: 0.797 Loading class java/lang/ArrayIndexOutOfBoundsException
Event: 0.797 Loading class java/lang/ArrayIndexOutOfBoundsException done

Classes unloaded (0 events):
No events

Classes redefined (0 events):
No events

Internal exceptions (17 events):
Event: 0.069 Thread 0x000001b193bd93e0 Exception <a 'sun/nio/fs/WindowsException'{0x0000000090a45098}> (0x0000000090a45098) 
thrown [s\open\src\hotspot\share\prims\jni.cpp, line 519]
Event: 0.071 Thread 0x000001b193bd93e0 Exception <a 'sun/nio/fs/WindowsException'{0x0000000090a476d0}> (0x0000000090a476d0) 
thrown [s\open\src\hotspot\share\prims\jni.cpp, line 519]
Event: 0.072 Thread 0x000001b193bd93e0 Exception <a 'sun/nio/fs/WindowsException'{0x0000000090a48238}> (0x0000000090a48238) 
thrown [s\open\src\hotspot\share\prims\jni.cpp, line 519]
Event: 0.121 Thread 0x000001b193bd93e0 Exception <a 'java/lang/ClassNotFoundException'{0x00000000908077b8}: sun/awt/resources/spi/awtProvider> (0x00000000908077b8) 
thrown [s\open\src\hotspot\share\classfile\systemDictionary.cpp, line 305]
Event: 0.146 Thread 0x000001b193bd93e0 Exception <a 'java/io/FileNotFoundException'{0x000000009085df00}> (0x000000009085df00) 
thrown [s\open\src\hotspot\share\prims\jni.cpp, line 519]
Event: 0.154 Thread 0x000001b193bd93e0 Exception <a 'java/io/FileNotFoundException'{0x0000000090888118}> (0x0000000090888118) 
thrown [s\open\src\hotspot\share\prims\jni.cpp, line 519]
Event: 0.297 Thread 0x000001b193bd93e0 Exception <a 'java/lang/NoSuchMethodError'{0x00000000907a7470}: 'void java.lang.invoke.DirectMethodHandle$Holder.invokeSpecial(java.lang.Object, java.lang.Object, java.lang.Object)'> (0x00000000907a7470) 
thrown [s\open\src\hotspot\share\interpreter\linkResolver.cpp, line 773]
Event: 0.307 Thread 0x000001b193bd93e0 Exception <a 'java/lang/NoSuchMethodError'{0x00000000907d1bf0}: 'java.lang.Object java.lang.invoke.DirectMethodHandle$Holder.newInvokeSpecial(java.lang.Object, java.lang.Object, java.lang.Object, java.lang.Object, java.lang.Object)'> (0x00000000907d1bf0) 
thrown [s\open\src\hotspot\share\interpreter\linkResolver.cpp, line 773]
Event: 0.314 Thread 0x000001b193bd93e0 Exception <a 'java/lang/NoSuchMethodError'{0x0000000090602e30}: 'java.lang.Object java.lang.invoke.DirectMethodHandle$Holder.invokeStatic(java.lang.Object, int, java.lang.Object)'> (0x0000000090602e30) 
thrown [s\open\src\hotspot\share\interpreter\linkResolver.cpp, line 773]
Event: 0.348 Thread 0x000001b193bd93e0 Exception <a 'java/lang/ClassNotFoundException'{0x00000000906bdef0}: com/sun/swing/internal/plaf/metal/resources/spi/metalProvider> (0x00000000906bdef0) 
thrown [s\open\src\hotspot\share\classfile\systemDictionary.cpp, line 305]
Event: 0.349 Thread 0x000001b193bd93e0 Exception <a 'java/lang/ClassNotFoundException'{0x00000000906c1e50}: com/sun/swing/internal/plaf/basic/resources/spi/basicProvider> (0x00000000906c1e50) 
thrown [s\open\src\hotspot\share\classfile\systemDictionary.cpp, line 305]
Event: 0.363 Thread 0x000001b193bd93e0 Exception <a 'java/lang/NoSuchMethodError'{0x00000000906e0fd0}: 'int java.lang.invoke.Invokers$Holder.invokeExact_MT(java.lang.Object, java.lang.Object)'> (0x00000000906e0fd0) 
thrown [s\open\src\hotspot\share\interpreter\linkResolver.cpp, line 773]
Event: 0.452 Thread 0x000001b1b5a7a930 Exception <a 'java/lang/NoSuchMethodError'{0x000000009049dbf8}: 'java.lang.Object java.lang.invoke.DirectMethodHandle$Holder.newInvokeSpecial(java.lang.Object, java.lang.Object, java.lang.Object, int, int, int, int, int)'> (0x000000009049dbf8) 
thrown [s\open\src\hotspot\share\interpreter\linkResolver.cpp, line 773]
Event: 0.591 Thread 0x000001b193bd93e0 Exception <a 'java/lang/NoSuchMethodError'{0x000000008fb43da0}: 'java.lang.Object java.lang.invoke.DirectMethodHandle$Holder.invokeInterface(java.lang.Object, java.lang.Object)'> (0x000000008fb43da0) 
thrown [s\open\src\hotspot\share\interpreter\linkResolver.cpp, line 773]
Event: 0.624 Thread 0x000001b193bd93e0 Exception <a 'java/lang/NoSuchMethodError'{0x000000008fbbbae8}: 'void java.lang.invoke.DirectMethodHandle$Holder.invokeStatic(java.lang.Object, java.lang.Object, java.lang.Object)'> (0x000000008fbbbae8) 
thrown [s\open\src\hotspot\share\interpreter\linkResolver.cpp, line 773]
Event: 0.628 Thread 0x000001b193bd93e0 Exception <a 'java/lang/NoSuchMethodError'{0x000000008fbc55f8}: 'java.lang.Object java.lang.invoke.DirectMethodHandle$Holder.invokeVirtual(java.lang.Object, java.lang.Object, java.lang.Object)'> (0x000000008fbc55f8) 
thrown [s\open\src\hotspot\share\interpreter\linkResolver.cpp, line 773]
Event: 0.761 Thread 0x000001b193bd93e0 Exception <a 'java/lang/NoSuchMethodError'{0x000000008f8be850}: 'void java.lang.invoke.DirectMethodHandle$Holder.invokeStatic(java.lang.Object, java.lang.Object)'> (0x000000008f8be850) 
thrown [s\open\src\hotspot\share\interpreter\linkResolver.cpp, line 773]

VM Operations (14 events):
Event: 0.073 Executing VM operation: HandshakeAllThreads
Event: 0.073 Executing VM operation: HandshakeAllThreads done
Event: 0.162 Executing VM operation: HandshakeAllThreads
Event: 0.162 Executing VM operation: HandshakeAllThreads done
Event: 0.425 Executing VM operation: HandshakeAllThreads
Event: 0.425 Executing VM operation: HandshakeAllThreads done
Event: 0.492 Executing VM operation: HandshakeAllThreads
Event: 0.493 Executing VM operation: HandshakeAllThreads done
Event: 0.542 Executing VM operation: HandshakeAllThreads
Event: 0.542 Executing VM operation: HandshakeAllThreads done
Event: 0.573 Executing VM operation: HandshakeAllThreads
Event: 0.573 Executing VM operation: HandshakeAllThreads done
Event: 0.749 Executing VM operation: HandshakeAllThreads
Event: 0.749 Executing VM operation: HandshakeAllThreads done

Events (20 events):
Event: 0.027 Thread 0x000001b1b0dabed0 Thread added: 0x000001b1b0dabed0
Event: 0.027 Thread 0x000001b1b0dac940 Thread added: 0x000001b1b0dac940
Event: 0.027 Thread 0x000001b1b0dadaf0 Thread added: 0x000001b1b0dadaf0
Event: 0.027 Thread 0x000001b1b0db2960 Thread added: 0x000001b1b0db2960
Event: 0.052 Thread 0x000001b1b0d71850 Thread added: 0x000001b1b0d71850
Event: 0.058 Thread 0x000001b1b50f16a0 Thread added: 0x000001b1b50f16a0
Event: 0.081 Thread 0x000001b1b51046c0 Thread added: 0x000001b1b51046c0
Event: 0.089 Thread 0x000001b1b51d0f30 Thread added: 0x000001b1b51d0f30
Event: 0.200 Thread 0x000001b1b53a5890 Thread added: 0x000001b1b53a5890
Event: 0.202 Thread 0x000001b1b53abf00 Thread added: 0x000001b1b53abf00
Event: 0.204 Thread 0x000001b1b53b5190 Thread added: 0x000001b1b53b5190
Event: 0.252 Thread 0x000001b1b51046c0 Thread exited: 0x000001b1b51046c0
Event: 0.371 Thread 0x000001b1b5a7a930 Thread added: 0x000001b1b5a7a930
Event: 0.407 Thread 0x000001b1b5b2fb30 Thread added: 0x000001b1b5b2fb30
Event: 0.411 Thread 0x000001b1b5bd9820 Thread added: 0x000001b1b5bd9820
Event: 0.412 Thread 0x000001b1b5c09010 Thread added: 0x000001b1b5c09010
Event: 0.430 Thread 0x000001b1b5bf60a0 Thread added: 0x000001b1b5bf60a0
Event: 0.549 Thread 0x000001b1b5bf60a0 Thread exited: 0x000001b1b5bf60a0
Event: 0.566 Thread 0x000001b1b5beb130 Thread added: 0x000001b1b5beb130
Event: 0.614 Thread 0x000001b1b5c9d910 Thread added: 0x000001b1b5c9d910


Dynamic libraries:
0x00007ff6039e0000 - 0x00007ff6039f0000 	C:\Program Files\Java\jdk-20\bin\java.exe
0x00007ffbb63f0000 - 0x00007ffbb6604000 	C:\WINDOWS\SYSTEM32\ntdll.dll
0x00007ffbb53e0000 - 0x00007ffbb54a4000 	C:\WINDOWS\System32\KERNEL32.DLL
0x00007ffbb3a20000 - 0x00007ffbb3dc4000 	C:\WINDOWS\System32\KERNELBASE.dll
0x00007ffbb3dd0000 - 0x00007ffbb3ee1000 	C:\WINDOWS\System32\ucrtbase.dll
0x00007ffbac8b0000 - 0x00007ffbac8c9000 	C:\Program Files\Java\jdk-20\bin\jli.dll
0x00007ffbb0a10000 - 0x00007ffbb0a2b000 	C:\Program Files\Java\jdk-20\bin\VCRUNTIME140.dll
0x00007ffbb45b0000 - 0x00007ffbb4660000 	C:\WINDOWS\System32\ADVAPI32.dll
0x00007ffbb4dc0000 - 0x00007ffbb4e67000 	C:\WINDOWS\System32\msvcrt.dll
0x00007ffbb6010000 - 0x00007ffbb60b6000 	C:\WINDOWS\System32\sechost.dll
0x00007ffbb5ef0000 - 0x00007ffbb6007000 	C:\WINDOWS\System32\RPCRT4.dll
0x00007ffbb60c0000 - 0x00007ffbb626e000 	C:\WINDOWS\System32\USER32.dll
0x00007ffbb3f70000 - 0x00007ffbb3f96000 	C:\WINDOWS\System32\win32u.dll
0x00007ffbabec0000 - 0x00007ffbac153000 	C:\WINDOWS\WinSxS\amd64_microsoft.windows.common-controls_6595b64144ccf1df_6.0.22621.2215_none_270d72677387dfc3\COMCTL32.dll
0x00007ffbb4e70000 - 0x00007ffbb4e99000 	C:\WINDOWS\System32\GDI32.dll
0x00007ffbb3fa0000 - 0x00007ffbb40b8000 	C:\WINDOWS\System32\gdi32full.dll
0x00007ffbb3910000 - 0x00007ffbb39aa000 	C:\WINDOWS\System32\msvcp_win.dll
0x00007ffbac530000 - 0x00007ffbac53a000 	C:\WINDOWS\SYSTEM32\VERSION.dll
0x00007ffbb6370000 - 0x00007ffbb63a1000 	C:\WINDOWS\System32\IMM32.DLL
0x00007ffbaeb50000 - 0x00007ffbaeb5c000 	C:\Program Files\Java\jdk-20\bin\vcruntime140_1.dll
0x00007ffb9f420000 - 0x00007ffb9f4ae000 	C:\Program Files\Java\jdk-20\bin\msvcp140.dll
0x00007ffb58e30000 - 0x00007ffb59ac7000 	C:\Program Files\Java\jdk-20\bin\server\jvm.dll
0x00007ffbadb00000 - 0x00007ffbadb09000 	C:\WINDOWS\SYSTEM32\WSOCK32.dll
0x00007ffbb43e0000 - 0x00007ffbb4451000 	C:\WINDOWS\System32\WS2_32.dll
0x00007ffbac750000 - 0x00007ffbac784000 	C:\WINDOWS\SYSTEM32\WINMM.dll
0x00007ffbb27f0000 - 0x00007ffbb2808000 	C:\WINDOWS\SYSTEM32\kernel.appcore.dll
0x00007ffbaeae0000 - 0x00007ffbaeaea000 	C:\Program Files\Java\jdk-20\bin\jimage.dll
0x00007ffba9c70000 - 0x00007ffba9e9e000 	C:\WINDOWS\SYSTEM32\DBGHELP.DLL
0x00007ffbb4fb0000 - 0x00007ffbb533a000 	C:\WINDOWS\System32\combase.dll
0x00007ffbb46d0000 - 0x00007ffbb47a7000 	C:\WINDOWS\System32\OLEAUT32.dll
0x00007ffba9a50000 - 0x00007ffba9a82000 	C:\WINDOWS\SYSTEM32\dbgcore.DLL
0x00007ffbb3ef0000 - 0x00007ffbb3f6a000 	C:\WINDOWS\System32\bcryptPrimitives.dll
0x00007ffbac9b0000 - 0x00007ffbac9d6000 	C:\Program Files\Java\jdk-20\bin\java.dll
0x00007ffb8c980000 - 0x00007ffb8ca57000 	C:\Program Files\Java\jdk-20\bin\jsvml.dll
0x00007ffbb5500000 - 0x00007ffbb5d23000 	C:\WINDOWS\System32\SHELL32.dll
0x00007ffbb16e0000 - 0x00007ffbb1fca000 	C:\WINDOWS\SYSTEM32\windows.storage.dll
0x00007ffbb15a0000 - 0x00007ffbb16de000 	C:\WINDOWS\SYSTEM32\wintypes.dll
0x00007ffbb6270000 - 0x00007ffbb6363000 	C:\WINDOWS\System32\SHCORE.dll
0x00007ffbb4d50000 - 0x00007ffbb4dae000 	C:\WINDOWS\System32\shlwapi.dll
0x00007ffbb36d0000 - 0x00007ffbb36f6000 	C:\WINDOWS\SYSTEM32\profapi.dll
0x00007ffbadb40000 - 0x00007ffbadb53000 	C:\Program Files\Java\jdk-20\bin\net.dll
0x00007ffbae160000 - 0x00007ffbae297000 	C:\WINDOWS\SYSTEM32\WINHTTP.dll
0x00007ffbb2c70000 - 0x00007ffbb2cd9000 	C:\WINDOWS\system32\mswsock.dll
0x00007ffbac870000 - 0x00007ffbac886000 	C:\Program Files\Java\jdk-20\bin\nio.dll
0x00007ffba7a50000 - 0x00007ffba7a68000 	C:\Program Files\Java\jdk-20\bin\zip.dll
0x00007ffb721b0000 - 0x00007ffb72341000 	C:\Program Files\Java\jdk-20\bin\awt.dll
0x00007ffbb0b10000 - 0x00007ffbb0ba7000 	C:\WINDOWS\SYSTEM32\apphelp.dll
0x00007ffbb0f30000 - 0x00007ffbb0f5b000 	C:\WINDOWS\system32\DWMAPI.DLL
0x00007ffbb0ca0000 - 0x00007ffbb0d4b000 	C:\WINDOWS\system32\uxtheme.dll
0x00007ffb5d510000 - 0x00007ffb5d610000 	C:\WINDOWS\system32\opengl32.dll
0x00007ffb68f30000 - 0x00007ffb68f5d000 	C:\WINDOWS\SYSTEM32\GLU32.dll
0x00007ffbb0dc0000 - 0x00007ffbb0df8000 	C:\WINDOWS\SYSTEM32\dxcore.dll
0x00007ffbb4460000 - 0x00007ffbb45a9000 	C:\WINDOWS\System32\MSCTF.dll
0x00007ffbb4180000 - 0x00007ffbb431e000 	C:\WINDOWS\System32\ole32.dll
0x00007ffb85fb0000 - 0x00007ffb86159000 	C:\WINDOWS\system32\d3d9.dll
0x00007ffba6d80000 - 0x00007ffba6f3b000 	C:\WINDOWS\System32\DriverStore\FileRepository\u0382030.inf_amd64_c27c1f19988d7c7e\B381533\aticfx64.dll
0x00007ffba2440000 - 0x00007ffba2474000 	C:\WINDOWS\System32\DriverStore\FileRepository\u0382030.inf_amd64_c27c1f19988d7c7e\B381533\atiu9p64.dll
0x00007ffb14050000 - 0x00007ffb14da5000 	C:\WINDOWS\System32\DriverStore\FileRepository\u0382030.inf_amd64_c27c1f19988d7c7e\B381533\atiumd64.dll
0x000000005f150000 - 0x0000000060076000 	C:\WINDOWS\System32\DriverStore\FileRepository\u0382030.inf_amd64_c27c1f19988d7c7e\B381533\atiumd6a.dll
0x00007ffbb47b0000 - 0x00007ffbb4c24000 	C:\WINDOWS\System32\SETUPAPI.dll
0x00007ffbb33f0000 - 0x00007ffbb343d000 	C:\WINDOWS\SYSTEM32\POWRPROF.dll
0x00007ffbb33d0000 - 0x00007ffbb33e3000 	C:\WINDOWS\SYSTEM32\UMPDC.dll
0x00007ffba4140000 - 0x00007ffba4175000 	C:\WINDOWS\SYSTEM32\amdihk64.dll
0x00007ffbae3d0000 - 0x00007ffbae41a000 	C:\WINDOWS\SYSTEM32\directxdatabasehelper.dll
0x00007ffba6be0000 - 0x00007ffba6c0e000 	C:\Program Files\Java\jdk-20\bin\javajpeg.dll
0x00007ffbb2260000 - 0x00007ffbb2352000 	C:\WINDOWS\SYSTEM32\DNSAPI.dll
0x00007ffbb2230000 - 0x00007ffbb225d000 	C:\WINDOWS\SYSTEM32\IPHLPAPI.DLL
0x00007ffbb4db0000 - 0x00007ffbb4db9000 	C:\WINDOWS\System32\NSI.dll
0x00007ffb9ebc0000 - 0x00007ffb9ebdf000 	C:\Windows\System32\wlidnsp.dll
0x00007ffbac720000 - 0x00007ffbac72a000 	C:\Windows\System32\rasadhlp.dll
0x00007ffbac9e0000 - 0x00007ffbaca64000 	C:\WINDOWS\System32\fwpuclnt.dll
0x00007ffbae460000 - 0x00007ffbae467000 	C:\Program Files\Java\jdk-20\bin\extnet.dll

dbghelp: loaded successfully - version: 4.0.5 - missing functions: none
symbol engine: initialized successfully - sym options: 0x614 - pdb path: .;C:\Program Files\Java\jdk-20\bin;C:\WINDOWS\SYSTEM32;C:\WINDOWS\WinSxS\amd64_microsoft.windows.common-controls_6595b64144ccf1df_6.0.22621.2215_none_270d72677387dfc3;C:\Program Files\Java\jdk-20\bin\server;C:\WINDOWS\System32\DriverStore\FileRepository\u0382030.inf_amd64_c27c1f19988d7c7e\B381533

VM Arguments:
jvm_args: -Dfile.encoding=UTF-8 --module-path=C:\Users\Atiqur Rahman\Documents\NetBeansProjects\bank management system\build\classes 
java_command: bank.management.system.MiniStatement
java_class_path (initial): C:\Users\Atiqur Rahman\Downloads\jcalendar-tz-1.3.3-4.jar;C:\Users\Atiqur Rahman\Downloads\mysql-connector-java-8.0.28.jar;C:\Users\Atiqur Rahman\Documents\NetBeansProjects\bank management system\build\classes
Launcher Type: SUN_STANDARD

[Global flags]
     intx CICompilerCount                          = 12                                        {product} {ergonomic}
     uint ConcGCThreads                            = 3                                         {product} {ergonomic}
     uint G1ConcRefinementThreads                  = 13                                        {product} {ergonomic}
   size_t G1HeapRegionSize                         = 1048576                                   {product} {ergonomic}
    uintx GCDrainStackTargetSize                   = 64                                        {product} {ergonomic}
   size_t InitialHeapSize                          = 125829120                                 {product} {ergonomic}
   size_t MarkStackSize                            = 4194304                                   {product} {ergonomic}
   size_t MaxHeapSize                              = 1992294400                                {product} {ergonomic}
   size_t MaxNewSize                               = 1195376640                                {product} {ergonomic}
   size_t MinHeapDeltaBytes                        = 1048576                                   {product} {ergonomic}
   size_t MinHeapSize                              = 8388608                                   {product} {ergonomic}
    uintx NonNMethodCodeHeapSize                   = 7602480                                {pd product} {ergonomic}
    uintx NonProfiledCodeHeapSize                  = 122027880                              {pd product} {ergonomic}
    uintx ProfiledCodeHeapSize                     = 122027880                              {pd product} {ergonomic}
    uintx ReservedCodeCacheSize                    = 251658240                              {pd product} {ergonomic}
     bool SegmentedCodeCache                       = true                                      {product} {ergonomic}
   size_t SoftMaxHeapSize                          = 1992294400                             {manageable} {ergonomic}
     bool UseCompressedClassPointers               = true                           {product lp64_product} {ergonomic}
     bool UseCompressedOops                        = true                           {product lp64_product} {ergonomic}
     bool UseG1GC                                  = true                                      {product} {ergonomic}
     bool UseLargePagesIndividualAllocation        = false                                  {pd product} {ergonomic}

Logging:
Log output configuration:
 #0: stdout all=warning uptime,level,tags foldmultilines=false
 #1: stderr all=off uptime,level,tags foldmultilines=false

Environment Variables:
JAVA_HOME=C:\Program Files\Microsoft\jdk-11.0.20.101-hotspot\
PATH=C:\Program Files\Microsoft\jdk-11.0.20.101-hotspot\bin;C:\Program Files\Common Files\Oracle\Java\javapath;C:\Windows\system32;C:\Windows;C:\Windows\System32\Wbem;C:\Windows\System32\WindowsPowerShell\v1.0\;C:\Windows\System32\OpenSSH\;C:\Program Files (x86)\NVIDIA Corporation\PhysX\Common;C:\Program Files\NVIDIA Corporation\NVIDIA NvDLISR;C:\Program Files\Microsoft SQL Server\150\Tools\Binn\;C:\WINDOWS\system32;C:\WINDOWS;C:\WINDOWS\System32\Wbem;C:\WINDOWS\System32\WindowsPowerShell\v1.0\;C:\WINDOWS\System32\OpenSSH\;C:\Program Files (x86)\Windows Kits\10\Windows Performance Toolkit\;C:\Program Files\Docker\Docker\resources\bin;C:\Program Files\Git\cmd;C:\Users\Atiqur Rahman\AppData\Roaming\Python\Python310\Scripts;C:\ProgramData\anaconda3\Scripts;C:\ProgramData\anaconda3\Library\bin;C:\Program Files\MySQL\MySQL Shell 8.0\bin\;C:\Users\Atiqur Rahman\AppData\Local\Microsoft\WindowsApps;C:\Program Files\JetBrains\PyCharm Community Edition 2023.1\bin;;C:\Users\Atiqur Rahman\AppData\Local\GitHubDesktop\bin;C:\src\flutter\bin;C:\Users\Atiqur Rahman\AppData\Local\Programs\Microsoft VS Code\bin;C:\MinGW\bin;C:\Program Files\Java\jdk-20\bin;C:\Users\Atiqur Rahman\AppData\Local\Programs\MiKTeX\miktex\bin\x64\;
USERNAME=AtiqurRahman
OS=Windows_NT
PROCESSOR_IDENTIFIER=AMD64 Family 23 Model 96 Stepping 1, AuthenticAMD
TMP=C:\Users\ATIQUR~1\AppData\Local\Temp
TEMP=C:\Users\ATIQUR~1\AppData\Local\Temp




---------------  S Y S T E M  ---------------

OS:
 Windows 11 , 64 bit Build 22621 (10.0.22621.2215)
OS uptime: 3 days 16:48 hours
Hyper-V role detected

CPU: total 16 (initial active 16) (16 cores per cpu, 2 threads per core) family 23 model 96 stepping 1 microcode 0x0, cx8, cmov, fxsr, ht, mmx, 3dnowpref, sse, sse2, sse3, ssse3, sse4a, sse4.1, sse4.2, popcnt, lzcnt, tsc, tscinvbit, avx, avx2, aes, clmul, bmi1, bmi2, adx, sha, fma, vzeroupper, clflush, clflushopt, hv, rdtscp, rdpid, f16c

Memory: 4k page, system-wide physical 7597M (659M free)
TotalPageFile size 31149M (AvailPageFile size 22M)
current process WorkingSet (physical memory assigned to process): 87M, peak: 87M
current process commit charge ("private bytes"): 239M, peak: 239M

vm_info: Java HotSpot(TM) 64-Bit Server VM (20.0.1+9-29) for windows-amd64 JRE (20.0.1+9-29), built on 2023-03-07T13:56:11Z by "mach5one" with MS VC++ 17.1 (VS2022)

END.
