#
# There is insufficient memory for the Java Runtime Environment to continue.
# Native memory allocation (mmap) failed to map 125829120 bytes for G1 virtual space
# Possible reasons:
#   The system is out of physical RAM or swap space
#   The process is running with CompressedOops enabled, and the Java Heap may be blocking the growth of the native heap
# Possible solutions:
#   Reduce memory load on the system
#   Increase physical memory or swap space
#   Check if swap backing store is full
#   Decrease Java heap size (-Xmx/-Xms)
#   Decrease number of Java threads
#   Decrease Java thread stack sizes (-Xss)
#   Set larger code cache with -XX:ReservedCodeCacheSize=
#   JVM is running with Unscaled Compressed Oops mode in which the Java heap is
#     placed in the first 4GB address space. The Java Heap base address is the
#     maximum limit for the native heap growth. Please use -XX:HeapBaseMinAddress
#     to set the Java Heap base and to place the Java Heap above 4GB virtual address.
# This output file may be truncated or incomplete.
#
#  Out of Memory Error (os_windows.cpp:3528), pid=13160, tid=32616
#
# JRE version:  (20.0.1+9) (build )
# Java VM: Java HotSpot(TM) 64-Bit Server VM (20.0.1+9-29, mixed mode, sharing, tiered, compressed oops, compressed class ptrs, g1 gc, windows-amd64)
# No core dump will be written. Minidumps are not enabled by default on client versions of Windows
#

---------------  S U M M A R Y ------------

Command Line: -Dfile.encoding=UTF-8 --module-path=C:\Users\Atiqur Rahman\Documents\NetBeansProjects\bank management system\build\classes bank.management.system.signupThree

Host: AMD Ryzen 7 4800H with Radeon Graphics         , 16 cores, 7G,  Windows 11 , 64 bit Build 22621 (10.0.22621.2215)
Time: Sat Sep  2 20:30:02 2023 India Standard Time elapsed time: 0.016191 seconds (0d 0h 0m 0s)

---------------  T H R E A D  ---------------

Current thread (0x000001dfa06a7bb0):  JavaThread "Unknown thread" [_thread_in_vm, id=32616, stack(0x0000001759700000,0x0000001759800000)]

Stack: [0x0000001759700000,0x0000001759800000]
Native frames: (J=compiled Java code, j=interpreted, Vv=VM code, C=native code)
V  [jvm.dll+0x6bb95a]
V  [jvm.dll+0x8485fa]
V  [jvm.dll+0x84a1f5]
V  [jvm.dll+0x84a8f3]
V  [jvm.dll+0x280b0f]
V  [jvm.dll+0x6b86e9]
V  [jvm.dll+0x6ad2da]
V  [jvm.dll+0x35adf5]
V  [jvm.dll+0x363016]
V  [jvm.dll+0x3b3b3e]
V  [jvm.dll+0x3b3dc5]
V  [jvm.dll+0x32b50a]
V  [jvm.dll+0x32c32b]
V  [jvm.dll+0x8112bf]
V  [jvm.dll+0x3c0d91]
V  [jvm.dll+0x7fcfe3]
V  [jvm.dll+0x44c76f]
V  [jvm.dll+0x44e0e1]
C  [jli.dll+0x5287]
C  [ucrtbase.dll+0x29363]
C  [KERNEL32.DLL+0x1257d]
C  [ntdll.dll+0x5aa68]


---------------  P R O C E S S  ---------------

Threads class SMR info:
_java_thread_list=0x00007ffcc62aa098, length=0, elements={
}

Java Threads: ( => current thread )

Other Threads:
  0x000001dfa0706770 WorkerThread "GC Thread#0" [stack: 0x0000001759800000,0x0000001759900000] [id=13376]
  0x000001dfa0716400 ConcurrentGCThread "G1 Main Marker" [stack: 0x0000001759900000,0x0000001759a00000] [id=1172]
  0x000001dfa0716fd0 WorkerThread "G1 Conc#0" [stack: 0x0000001759a00000,0x0000001759b00000] [id=34748]

[error occurred during error reporting (printing all threads), id 0xc0000005, EXCEPTION_ACCESS_VIOLATION (0xc0000005) at pc=0x00007ffcc5a8eb47]
VM state: not at safepoint (not fully initialized)

VM Mutex/Monitor currently owned by a thread:  ([mutex/lock_event])
[0x000001dfa06a4ed0] Heap_lock - owner thread: 0x000001dfa06a7bb0

Heap address: 0x0000000089400000, size: 1900 MB, Compressed Oops mode: 32-bit

CDS archive(s) mapped at: [0x0000000000000000-0x0000000000000000-0x0000000000000000), size 0, SharedBaseAddress: 0x0000000800000000, ArchiveRelocationMode: 0.
Narrow klass base: 0x0000000000000000, Narrow klass shift: 0, Narrow klass range: 0x0

GC Precious Log:
 CardTable entry size: 512
 Card Set container configuration: InlinePtr #cards 5 size 8 Array Of Cards #cards 12 size 40 Howl #buckets 4 coarsen threshold 1843 Howl Bitmap #cards 512 size 80 coarsen threshold 460 Card regions per heap region 1 cards per card region 2048

Heap:
 garbage-first heap   total 0K, used 0K [0x0000000089400000, 0x0000000100000000)
  region size 1024K, 0 young (0K), 0 survivors (0K)

[error occurred during error reporting (printing heap information), id 0xc0000005, EXCEPTION_ACCESS_VIOLATION (0xc0000005) at pc=0x00007ffcc5e63c59]
GC Heap History (0 events):
No events

Dll operation events (1 events):
Event: 0.009 Loaded shared library C:\Program Files\Java\jdk-20\bin\java.dll

Deoptimization events (0 events):
No events

Classes loaded (0 events):
No events

Classes unloaded (0 events):
No events

Classes redefined (0 events):
No events

Internal exceptions (0 events):
No events

VM Operations (0 events):
No events

Events (0 events):
No events


Dynamic libraries:
0x00007ff68bab0000 - 0x00007ff68bac0000 	C:\Program Files\Java\jdk-20\bin\java.exe
0x00007ffd430d0000 - 0x00007ffd432e4000 	C:\WINDOWS\SYSTEM32\ntdll.dll
0x00007ffd41bd0000 - 0x00007ffd41c94000 	C:\WINDOWS\System32\KERNEL32.DLL
0x00007ffd40640000 - 0x00007ffd409e4000 	C:\WINDOWS\System32\KERNELBASE.dll
0x00007ffd409f0000 - 0x00007ffd40b01000 	C:\WINDOWS\System32\ucrtbase.dll
0x00007ffd3d430000 - 0x00007ffd3d449000 	C:\Program Files\Java\jdk-20\bin\jli.dll
0x00007ffd06700000 - 0x00007ffd0671b000 	C:\Program Files\Java\jdk-20\bin\VCRUNTIME140.dll
0x00007ffd426a0000 - 0x00007ffd42750000 	C:\WINDOWS\System32\ADVAPI32.dll
0x00007ffd418b0000 - 0x00007ffd41957000 	C:\WINDOWS\System32\msvcrt.dll
0x00007ffd41b20000 - 0x00007ffd41bc6000 	C:\WINDOWS\System32\sechost.dll
0x00007ffd41960000 - 0x00007ffd41a77000 	C:\WINDOWS\System32\RPCRT4.dll
0x00007ffd41e20000 - 0x00007ffd41fce000 	C:\WINDOWS\System32\USER32.dll
0x00007ffd405a0000 - 0x00007ffd405c6000 	C:\WINDOWS\System32\win32u.dll
0x00007ffd31fd0000 - 0x00007ffd32263000 	C:\WINDOWS\WinSxS\amd64_microsoft.windows.common-controls_6595b64144ccf1df_6.0.22621.2215_none_270d72677387dfc3\COMCTL32.dll
0x00007ffd42230000 - 0x00007ffd42259000 	C:\WINDOWS\System32\GDI32.dll
0x00007ffd40480000 - 0x00007ffd40598000 	C:\WINDOWS\System32\gdi32full.dll
0x00007ffd40b10000 - 0x00007ffd40baa000 	C:\WINDOWS\System32\msvcp_win.dll
0x00007ffd39120000 - 0x00007ffd3912a000 	C:\WINDOWS\SYSTEM32\VERSION.dll
0x00007ffd421f0000 - 0x00007ffd42221000 	C:\WINDOWS\System32\IMM32.DLL
0x00007ffd194a0000 - 0x00007ffd194ac000 	C:\Program Files\Java\jdk-20\bin\vcruntime140_1.dll
0x00007ffceb5e0000 - 0x00007ffceb66e000 	C:\Program Files\Java\jdk-20\bin\msvcp140.dll
0x00007ffcc5750000 - 0x00007ffcc63e7000 	C:\Program Files\Java\jdk-20\bin\server\jvm.dll
0x00007ffd39760000 - 0x00007ffd39769000 	C:\WINDOWS\SYSTEM32\WSOCK32.dll
0x00007ffd396c0000 - 0x00007ffd396f4000 	C:\WINDOWS\SYSTEM32\WINMM.dll
0x00007ffd411b0000 - 0x00007ffd41221000 	C:\WINDOWS\System32\WS2_32.dll
0x00007ffd3f590000 - 0x00007ffd3f5a8000 	C:\WINDOWS\SYSTEM32\kernel.appcore.dll
0x00007ffd15cf0000 - 0x00007ffd15cfa000 	C:\Program Files\Java\jdk-20\bin\jimage.dll
0x00007ffd38400000 - 0x00007ffd3862e000 	C:\WINDOWS\SYSTEM32\DBGHELP.DLL
0x00007ffd42260000 - 0x00007ffd425ea000 	C:\WINDOWS\System32\combase.dll
0x00007ffd41ca0000 - 0x00007ffd41d77000 	C:\WINDOWS\System32\OLEAUT32.dll
0x00007ffd2a280000 - 0x00007ffd2a2b2000 	C:\WINDOWS\SYSTEM32\dbgcore.DLL
0x00007ffd40c70000 - 0x00007ffd40cea000 	C:\WINDOWS\System32\bcryptPrimitives.dll
0x00007ffcee130000 - 0x00007ffcee156000 	C:\Program Files\Java\jdk-20\bin\java.dll

dbghelp: loaded successfully - version: 4.0.5 - missing functions: none
symbol engine: initialized successfully - sym options: 0x614 - pdb path: .;C:\Program Files\Java\jdk-20\bin;C:\WINDOWS\SYSTEM32;C:\WINDOWS\WinSxS\amd64_microsoft.windows.common-controls_6595b64144ccf1df_6.0.22621.2215_none_270d72677387dfc3;C:\Program Files\Java\jdk-20\bin\server

VM Arguments:
jvm_args: -Dfile.encoding=UTF-8 --module-path=C:\Users\Atiqur Rahman\Documents\NetBeansProjects\bank management system\build\classes 
java_command: bank.management.system.signupThree
java_class_path (initial): C:\Users\Atiqur Rahman\Downloads\jcalendar-tz-1.3.3-4.jar;C:\Users\Atiqur Rahman\Downloads\mysql-connector-java-8.0.28.jar;C:\Users\Atiqur Rahman\Documents\NetBeansProjects\bank management system\build\classes
Launcher Type: SUN_STANDARD

[Global flags]
     intx CICompilerCount                          = 12                                        {product} {ergonomic}
     uint ConcGCThreads                            = 3                                         {product} {ergonomic}
     uint G1ConcRefinementThreads                  = 13                                        {product} {ergonomic}
   size_t G1HeapRegionSize                         = 1048576                                   {product} {ergonomic}
    uintx GCDrainStackTargetSize                   = 64                                        {product} {ergonomic}
   size_t InitialHeapSize                          = 125829120                                 {product} {ergonomic}
   size_t MarkStackSize                            = 4194304                                   {product} {ergonomic}
   size_t MaxHeapSize                              = 1992294400                                {product} {ergonomic}
   size_t MinHeapDeltaBytes                        = 1048576                                   {product} {ergonomic}
   size_t MinHeapSize                              = 8388608                                   {product} {ergonomic}
    uintx NonNMethodCodeHeapSize                   = 7602480                                {pd product} {ergonomic}
    uintx NonProfiledCodeHeapSize                  = 122027880                              {pd product} {ergonomic}
    uintx ProfiledCodeHeapSize                     = 122027880                              {pd product} {ergonomic}
    uintx ReservedCodeCacheSize                    = 251658240                              {pd product} {ergonomic}
     bool SegmentedCodeCache                       = true                                      {product} {ergonomic}
   size_t SoftMaxHeapSize                          = 1992294400                             {manageable} {ergonomic}
     bool UseCompressedClassPointers               = true                           {product lp64_product} {ergonomic}
     bool UseCompressedOops                        = true                           {product lp64_product} {ergonomic}
     bool UseG1GC                                  = true                                      {product} {ergonomic}
     bool UseLargePagesIndividualAllocation        = false                                  {pd product} {ergonomic}

Logging:
Log output configuration:
 #0: stdout all=warning uptime,level,tags foldmultilines=false
 #1: stderr all=off uptime,level,tags foldmultilines=false

Environment Variables:
JAVA_HOME=C:\Program Files\Microsoft\jdk-11.0.20.8-hotspot\
PATH=C:\Program Files\Microsoft\jdk-11.0.20.8-hotspot\bin;C:\Program Files\Common Files\Oracle\Java\javapath;C:\Windows\system32;C:\Windows;C:\Windows\System32\Wbem;C:\Windows\System32\WindowsPowerShell\v1.0\;C:\Windows\System32\OpenSSH\;C:\Program Files (x86)\NVIDIA Corporation\PhysX\Common;C:\Program Files\NVIDIA Corporation\NVIDIA NvDLISR;C:\Program Files\Microsoft SQL Server\150\Tools\Binn\;C:\WINDOWS\system32;C:\WINDOWS;C:\WINDOWS\System32\Wbem;C:\WINDOWS\System32\WindowsPowerShell\v1.0\;C:\WINDOWS\System32\OpenSSH\;C:\Program Files (x86)\Windows Kits\10\Windows Performance Toolkit\;C:\Users\Atiqur Rahman\AppData\Roaming\Python\Python310\Scripts;C:\Program Files\Docker\Docker\resources\bin;C:\ProgramData\anaconda3\Scripts;C:\ProgramData\anaconda3\Library\bin;C:\Program Files\Git\cmd;C:\Program Files\MySQL\MySQL Shell 8.0\bin\;C:\Users\Atiqur Rahman\AppData\Local\Microsoft\WindowsApps;C:\Program Files\JetBrains\PyCharm Community Edition 2023.1\bin;;C:\Users\Atiqur Rahman\AppData\Local\GitHubDesktop\bin;C:\src\flutter\bin;C:\Users\Atiqur Rahman\AppData\Local\Programs\Microsoft VS Code\bin;C:\MinGW\bin;C:\Program Files\Java\jdk-20\bin;C:\Users\Atiqur Rahman\AppData\Local\Programs\MiKTeX\miktex\bin\x64\;
USERNAME=Atiqur Rahman
OS=Windows_NT
PROCESSOR_IDENTIFIER=AMD64 Family 23 Model 96 Stepping 1, AuthenticAMD
TMP=C:\Users\ATIQUR~1\AppData\Local\Temp
TEMP=C:\Users\ATIQUR~1\AppData\Local\Temp




---------------  S Y S T E M  ---------------

OS:
 Windows 11 , 64 bit Build 22621 (10.0.22621.2215)
OS uptime: 1 days 6:07 hours
Hyper-V role detected

CPU: total 16 (initial active 16) (16 cores per cpu, 2 threads per core) family 23 model 96 stepping 1 microcode 0x0, cx8, cmov, fxsr, ht, mmx, 3dnowpref, sse, sse2, sse3, ssse3, sse4a, sse4.1, sse4.2, popcnt, lzcnt, tsc, tscinvbit, avx, avx2, aes, clmul, bmi1, bmi2, adx, sha, fma, vzeroupper, clflush, clflushopt, hv, rdtscp, rdpid, f16c

Memory: 4k page, system-wide physical 7597M (386M free)
TotalPageFile size 31149M (AvailPageFile size 15M)
current process WorkingSet (physical memory assigned to process): 11M, peak: 11M
current process commit charge ("private bytes"): 70M, peak: 190M

vm_info: Java HotSpot(TM) 64-Bit Server VM (20.0.1+9-29) for windows-amd64 JRE (20.0.1+9-29), built on 2023-03-07T13:56:11Z by "mach5one" with MS VC++ 17.1 (VS2022)

END.
