#
# There is insufficient memory for the Java Runtime Environment to continue.
# Native memory allocation (malloc) failed to allocate 70064 bytes for Chunk::new
# Possible reasons:
#   The system is out of physical RAM or swap space
#   The process is running with CompressedOops enabled, and the Java Heap may be blocking the growth of the native heap
# Possible solutions:
#   Reduce memory load on the system
#   Increase physical memory or swap space
#   Check if swap backing store is full
#   Decrease Java heap size (-Xmx/-Xms)
#   Decrease number of Java threads
#   Decrease Java thread stack sizes (-Xss)
#   Set larger code cache with -XX:ReservedCodeCacheSize=
#   JVM is running with Unscaled Compressed Oops mode in which the Java heap is
#     placed in the first 4GB address space. The Java Heap base address is the
#     maximum limit for the native heap growth. Please use -XX:HeapBaseMinAddress
#     to set the Java Heap base and to place the Java Heap above 4GB virtual address.
# This output file may be truncated or incomplete.
#
#  Out of Memory Error (arena.cpp:184), pid=30948, tid=36396
#
# JRE version: Java(TM) SE Runtime Environment (20.0.1+9) (build 20.0.1+9-29)
# Java VM: Java HotSpot(TM) 64-Bit Server VM (20.0.1+9-29, mixed mode, sharing, tiered, compressed oops, compressed class ptrs, g1 gc, windows-amd64)
# No core dump will be written. Minidumps are not enabled by default on client versions of Windows
#

---------------  S U M M A R Y ------------

Command Line: -Dfile.encoding=UTF-8 --module-path=C:\Users\Atiqur Rahman\Documents\NetBeansProjects\bank management system\build\classes bank.management.system.MiniStatement

Host: AMD Ryzen 7 4800H with Radeon Graphics         , 16 cores, 7G,  Windows 11 , 64 bit Build 22621 (10.0.22621.2215)
Time: Sat Sep  9 14:20:49 2023 India Standard Time elapsed time: 1.371045 seconds (0d 0h 0m 1s)

---------------  T H R E A D  ---------------

Current thread (0x0000018829e1cde0):  JavaThread "C2 CompilerThread0" daemon [_thread_in_native, id=36396, stack(0x0000001fda100000,0x0000001fda200000)]


Current CompileTask:
C2:   1371 1550       4       java.lang.String::<init> (99 bytes)

Stack: [0x0000001fda100000,0x0000001fda200000]
Native frames: (J=compiled Java code, j=interpreted, Vv=VM code, C=native code)
V  [jvm.dll+0x6bb95a]
V  [jvm.dll+0x8485fa]
V  [jvm.dll+0x84a1f5]
V  [jvm.dll+0x84a8f3]
V  [jvm.dll+0x280b0f]
V  [jvm.dll+0xc2b11]
V  [jvm.dll+0xc2e35]
V  [jvm.dll+0x3bb17c]
V  [jvm.dll+0x3857f5]
V  [jvm.dll+0x384c6a]
V  [jvm.dll+0x24b259]
V  [jvm.dll+0x24a651]
V  [jvm.dll+0x1ce491]
V  [jvm.dll+0x259e1b]
V  [jvm.dll+0x2584f0]
V  [jvm.dll+0x3f2895]
V  [jvm.dll+0x7f4b56]
V  [jvm.dll+0x6ba5cb]
C  [ucrtbase.dll+0x29363]
C  [KERNEL32.DLL+0x1257d]
C  [ntdll.dll+0x5aa68]


---------------  P R O C E S S  ---------------

Threads class SMR info:
_java_thread_list=0x000001882e9a8bf0, length=20, elements={
0x000001880cb86ec0, 0x0000018829e13120, 0x0000018829e13d20, 0x0000018829e17ea0,
0x0000018829e19a50, 0x0000018829e1a6f0, 0x0000018829e1b030, 0x0000018829e1cde0,
0x0000018829e1d760, 0x000001882e099e80, 0x000001882e0b4cb0, 0x000001882e10ebe0,
0x000001882e1be930, 0x000001882e563450, 0x000001882e3dc9e0, 0x000001882e656460,
0x000001882e6b7d80, 0x000001882e6bfc20, 0x000001882e7d0090, 0x000001882e875c00
}

Java Threads: ( => current thread )
  0x000001880cb86ec0 JavaThread "main" [_thread_in_vm, id=13888, stack(0x0000001fd9400000,0x0000001fd9500000)]
  0x0000018829e13120 JavaThread "Reference Handler" daemon [_thread_blocked, id=32360, stack(0x0000001fd9b00000,0x0000001fd9c00000)]
  0x0000018829e13d20 JavaThread "Finalizer" daemon [_thread_blocked, id=27952, stack(0x0000001fd9c00000,0x0000001fd9d00000)]
  0x0000018829e17ea0 JavaThread "Signal Dispatcher" daemon [_thread_blocked, id=6320, stack(0x0000001fd9d00000,0x0000001fd9e00000)]
  0x0000018829e19a50 JavaThread "Attach Listener" daemon [_thread_blocked, id=38300, stack(0x0000001fd9e00000,0x0000001fd9f00000)]
  0x0000018829e1a6f0 JavaThread "Service Thread" daemon [_thread_blocked, id=36492, stack(0x0000001fd9f00000,0x0000001fda000000)]
  0x0000018829e1b030 JavaThread "Monitor Deflation Thread" daemon [_thread_blocked, id=18988, stack(0x0000001fda000000,0x0000001fda100000)]
=>0x0000018829e1cde0 JavaThread "C2 CompilerThread0" daemon [_thread_in_native, id=36396, stack(0x0000001fda100000,0x0000001fda200000)]
  0x0000018829e1d760 JavaThread "C1 CompilerThread0" daemon [_thread_blocked, id=32280, stack(0x0000001fda200000,0x0000001fda300000)]
  0x000001882e099e80 JavaThread "Common-Cleaner" daemon [_thread_blocked, id=1840, stack(0x0000001fda300000,0x0000001fda400000)]
  0x000001882e0b4cb0 JavaThread "C1 CompilerThread1" daemon [_thread_blocked, id=22264, stack(0x0000001fda400000,0x0000001fda500000)]
  0x000001882e10ebe0 JavaThread "C1 CompilerThread2" daemon [_thread_blocked, id=33336, stack(0x0000001fda500000,0x0000001fda600000)]
  0x000001882e1be930 JavaThread "Notification Thread" daemon [_thread_blocked, id=11520, stack(0x0000001fda700000,0x0000001fda800000)]
  0x000001882e563450 JavaThread "Java2D Disposer" daemon [_thread_blocked, id=13948, stack(0x0000001fda900000,0x0000001fdaa00000)]
  0x000001882e3dc9e0 JavaThread "AWT-Windows" daemon [_thread_in_native, id=38372, stack(0x0000001fdab00000,0x0000001fdac00000)]
  0x000001882e656460 JavaThread "Image Fetcher 0" daemon [_thread_blocked, id=31768, stack(0x0000001fda600000,0x0000001fda700000)]
  0x000001882e6b7d80 JavaThread "C1 CompilerThread3" daemon [_thread_blocked, id=36420, stack(0x0000001fdae00000,0x0000001fdaf00000)]
  0x000001882e6bfc20 JavaThread "C2 CompilerThread1" daemon [_thread_blocked, id=22372, stack(0x0000001fdaf00000,0x0000001fdb000000)]
  0x000001882e7d0090 JavaThread "mysql-cj-abandoned-connection-cleanup" daemon [_thread_blocked, id=28212, stack(0x0000001fdb000000,0x0000001fdb100000)]
  0x000001882e875c00 JavaThread "C2 CompilerThread2" daemon [_thread_in_native, id=36612, stack(0x0000001fdb100000,0x0000001fdb200000)]

Other Threads:
  0x0000018829df7a90 VMThread "VM Thread" [stack: 0x0000001fd9a00000,0x0000001fd9b00000] [id=14360]
  0x000001882e1bf6a0 WatcherThread "VM Periodic Task Thread" [stack: 0x0000001fda800000,0x0000001fda900000] [id=35984]
  0x000001880cbe6b10 WorkerThread "GC Thread#0" [stack: 0x0000001fd9500000,0x0000001fd9600000] [id=36936]
  0x000001882e653a90 WorkerThread "GC Thread#1" [stack: 0x0000001fdb200000,0x0000001fdb300000] [id=7324]
  0x000001882e654300 WorkerThread "GC Thread#2" [stack: 0x0000001fdb300000,0x0000001fdb400000] [id=37264]
  0x000001882e6537c0 WorkerThread "GC Thread#3" [stack: 0x0000001fdb400000,0x0000001fdb500000] [id=388]
  0x000001882e653d60 WorkerThread "GC Thread#4" [stack: 0x0000001fdb500000,0x0000001fdb600000] [id=26000]
  0x000001882e654030 WorkerThread "GC Thread#5" [stack: 0x0000001fdb600000,0x0000001fdb700000] [id=18548]
  0x000001882e6548a0 WorkerThread "GC Thread#6" [stack: 0x0000001fdb700000,0x0000001fdb800000] [id=19636]
  0x000001882ec23b80 WorkerThread "GC Thread#7" [stack: 0x0000001fdb800000,0x0000001fdb900000] [id=38056]
  0x000001882ec238b0 WorkerThread "GC Thread#8" [stack: 0x0000001fdb900000,0x0000001fdba00000] [id=34416]
  0x000001882ec23e50 WorkerThread "GC Thread#9" [stack: 0x0000001fdba00000,0x0000001fdbb00000] [id=26168]
  0x000001882ec262e0 WorkerThread "GC Thread#10" [stack: 0x0000001fdbb00000,0x0000001fdbc00000] [id=37808]
  0x000001882ec23310 WorkerThread "GC Thread#11" [stack: 0x0000001fdbc00000,0x0000001fdbd00000] [id=30132]
  0x000001882ec235e0 WorkerThread "GC Thread#12" [stack: 0x0000001fdbd00000,0x0000001fdbe00000] [id=19820]
  0x000001880cbf67a0 ConcurrentGCThread "G1 Main Marker" [stack: 0x0000001fd9600000,0x0000001fd9700000] [id=37476]
  0x000001880cbf7370 WorkerThread "G1 Conc#0" [stack: 0x0000001fd9700000,0x0000001fd9800000] [id=34968]
  0x000001880cc4ec00 ConcurrentGCThread "G1 Refine#0" [stack: 0x0000001fd9800000,0x0000001fd9900000] [id=37548]
  0x0000018829cb4540 ConcurrentGCThread "G1 Service" [stack: 0x0000001fd9900000,0x0000001fd9a00000] [id=24120]

Threads with active compile tasks:
C2 CompilerThread0     1403 1550       4       java.lang.String::<init> (99 bytes)
C2 CompilerThread2     1403 1527       4       sun.security.ec.ECOperations::setDouble (463 bytes)

VM state: not at safepoint (normal execution)

VM Mutex/Monitor currently owned by a thread: None

Heap address: 0x0000000089400000, size: 1900 MB, Compressed Oops mode: 32-bit

CDS archive(s) mapped at: [0x0000000800000000-0x0000000800c60000-0x0000000800c60000), size 12976128, SharedBaseAddress: 0x0000000800000000, ArchiveRelocationMode: 0.
Compressed class space mapped at: 0x0000000801000000-0x0000000841000000, reserved size: 1073741824
Narrow klass base: 0x0000000800000000, Narrow klass shift: 0, Narrow klass range: 0x100000000

GC Precious Log:
 CardTable entry size: 512
 Card Set container configuration: InlinePtr #cards 5 size 8 Array Of Cards #cards 12 size 40 Howl #buckets 4 coarsen threshold 1843 Howl Bitmap #cards 512 size 80 coarsen threshold 460 Card regions per heap region 1 cards per card region 2048
 CPUs: 16 total, 16 available
 Memory: 7597M
 Large Page Support: Disabled
 NUMA Support: Disabled
 Compressed Oops: Enabled (32-bit)
 Heap Region Size: 1M
 Heap Min Capacity: 8M
 Heap Initial Capacity: 120M
 Heap Max Capacity: 1900M
 Pre-touch: Disabled
 Parallel Workers: 13
 Concurrent Workers: 3
 Concurrent Refinement Workers: 13
 Periodic GC: Disabled

Heap:
 garbage-first heap   total 122880K, used 15828K [0x0000000089400000, 0x0000000100000000)
  region size 1024K, 7 young (7168K), 3 survivors (3072K)
 Metaspace       used 13200K, committed 13440K, reserved 1114112K
  class space    used 1408K, committed 1536K, reserved 1048576K

Heap Regions: E=young(eden), S=young(survivor), O=old, HS=humongous(starts), HC=humongous(continues), CS=collection set, F=free, OA=open archive, CA=closed archive, TAMS=top-at-mark-start, PB=parsable bottom
|   0|0x0000000089400000, 0x0000000089500000, 0x0000000089500000|100%|HS|  |TAMS 0x0000000089400000| PB 0x0000000089400000| Complete 
|   1|0x0000000089500000, 0x0000000089600000, 0x0000000089600000|100%|HC|  |TAMS 0x0000000089500000| PB 0x0000000089500000| Complete 
|   2|0x0000000089600000, 0x0000000089700000, 0x0000000089700000|100%|HC|  |TAMS 0x0000000089600000| PB 0x0000000089600000| Complete 
|   3|0x0000000089700000, 0x0000000089800000, 0x0000000089800000|100%|HC|  |TAMS 0x0000000089700000| PB 0x0000000089700000| Complete 
|   4|0x0000000089800000, 0x0000000089900000, 0x0000000089900000|100%|HS|  |TAMS 0x0000000089800000| PB 0x0000000089800000| Complete 
|   5|0x0000000089900000, 0x0000000089a00000, 0x0000000089a00000|100%|HC|  |TAMS 0x0000000089900000| PB 0x0000000089900000| Complete 
|   6|0x0000000089a00000, 0x0000000089b00000, 0x0000000089b00000|100%|HC|  |TAMS 0x0000000089a00000| PB 0x0000000089a00000| Complete 
|   7|0x0000000089b00000, 0x0000000089c00000, 0x0000000089c00000|100%|HC|  |TAMS 0x0000000089b00000| PB 0x0000000089b00000| Complete 
|   8|0x0000000089c00000, 0x0000000089d00000, 0x0000000089d00000|100%| O|  |TAMS 0x0000000089c00000| PB 0x0000000089c00000| Untracked 
|   9|0x0000000089d00000, 0x0000000089d75000, 0x0000000089e00000| 45%| O|  |TAMS 0x0000000089d00000| PB 0x0000000089d00000| Untracked 
|  10|0x0000000089e00000, 0x0000000089e00000, 0x0000000089f00000|  0%| F|  |TAMS 0x0000000089e00000| PB 0x0000000089e00000| Untracked 
|  11|0x0000000089f00000, 0x0000000089f00000, 0x000000008a000000|  0%| F|  |TAMS 0x0000000089f00000| PB 0x0000000089f00000| Untracked 
|  12|0x000000008a000000, 0x000000008a000000, 0x000000008a100000|  0%| F|  |TAMS 0x000000008a000000| PB 0x000000008a000000| Untracked 
|  13|0x000000008a100000, 0x000000008a100000, 0x000000008a200000|  0%| F|  |TAMS 0x000000008a100000| PB 0x000000008a100000| Untracked 
|  14|0x000000008a200000, 0x000000008a200000, 0x000000008a300000|  0%| F|  |TAMS 0x000000008a200000| PB 0x000000008a200000| Untracked 
|  15|0x000000008a300000, 0x000000008a300000, 0x000000008a400000|  0%| F|  |TAMS 0x000000008a300000| PB 0x000000008a300000| Untracked 
|  16|0x000000008a400000, 0x000000008a400000, 0x000000008a500000|  0%| F|  |TAMS 0x000000008a400000| PB 0x000000008a400000| Untracked 
|  17|0x000000008a500000, 0x000000008a500000, 0x000000008a600000|  0%| F|  |TAMS 0x000000008a500000| PB 0x000000008a500000| Untracked 
|  18|0x000000008a600000, 0x000000008a600000, 0x000000008a700000|  0%| F|  |TAMS 0x000000008a600000| PB 0x000000008a600000| Untracked 
|  19|0x000000008a700000, 0x000000008a700000, 0x000000008a800000|  0%| F|  |TAMS 0x000000008a700000| PB 0x000000008a700000| Untracked 
|  20|0x000000008a800000, 0x000000008a800000, 0x000000008a900000|  0%| F|  |TAMS 0x000000008a800000| PB 0x000000008a800000| Untracked 
|  21|0x000000008a900000, 0x000000008a900000, 0x000000008aa00000|  0%| F|  |TAMS 0x000000008a900000| PB 0x000000008a900000| Untracked 
|  22|0x000000008aa00000, 0x000000008aa00000, 0x000000008ab00000|  0%| F|  |TAMS 0x000000008aa00000| PB 0x000000008aa00000| Untracked 
|  23|0x000000008ab00000, 0x000000008ab00000, 0x000000008ac00000|  0%| F|  |TAMS 0x000000008ab00000| PB 0x000000008ab00000| Untracked 
|  24|0x000000008ac00000, 0x000000008ac00000, 0x000000008ad00000|  0%| F|  |TAMS 0x000000008ac00000| PB 0x000000008ac00000| Untracked 
|  25|0x000000008ad00000, 0x000000008ad00000, 0x000000008ae00000|  0%| F|  |TAMS 0x000000008ad00000| PB 0x000000008ad00000| Untracked 
|  26|0x000000008ae00000, 0x000000008ae00000, 0x000000008af00000|  0%| F|  |TAMS 0x000000008ae00000| PB 0x000000008ae00000| Untracked 
|  27|0x000000008af00000, 0x000000008af00000, 0x000000008b000000|  0%| F|  |TAMS 0x000000008af00000| PB 0x000000008af00000| Untracked 
|  28|0x000000008b000000, 0x000000008b000000, 0x000000008b100000|  0%| F|  |TAMS 0x000000008b000000| PB 0x000000008b000000| Untracked 
|  29|0x000000008b100000, 0x000000008b100000, 0x000000008b200000|  0%| F|  |TAMS 0x000000008b100000| PB 0x000000008b100000| Untracked 
|  30|0x000000008b200000, 0x000000008b200000, 0x000000008b300000|  0%| F|  |TAMS 0x000000008b200000| PB 0x000000008b200000| Untracked 
|  31|0x000000008b300000, 0x000000008b300000, 0x000000008b400000|  0%| F|  |TAMS 0x000000008b300000| PB 0x000000008b300000| Untracked 
|  32|0x000000008b400000, 0x000000008b400000, 0x000000008b500000|  0%| F|  |TAMS 0x000000008b400000| PB 0x000000008b400000| Untracked 
|  33|0x000000008b500000, 0x000000008b500000, 0x000000008b600000|  0%| F|  |TAMS 0x000000008b500000| PB 0x000000008b500000| Untracked 
|  34|0x000000008b600000, 0x000000008b600000, 0x000000008b700000|  0%| F|  |TAMS 0x000000008b600000| PB 0x000000008b600000| Untracked 
|  35|0x000000008b700000, 0x000000008b700000, 0x000000008b800000|  0%| F|  |TAMS 0x000000008b700000| PB 0x000000008b700000| Untracked 
|  36|0x000000008b800000, 0x000000008b800000, 0x000000008b900000|  0%| F|  |TAMS 0x000000008b800000| PB 0x000000008b800000| Untracked 
|  37|0x000000008b900000, 0x000000008b900000, 0x000000008ba00000|  0%| F|  |TAMS 0x000000008b900000| PB 0x000000008b900000| Untracked 
|  38|0x000000008ba00000, 0x000000008ba00000, 0x000000008bb00000|  0%| F|  |TAMS 0x000000008ba00000| PB 0x000000008ba00000| Untracked 
|  39|0x000000008bb00000, 0x000000008bb00000, 0x000000008bc00000|  0%| F|  |TAMS 0x000000008bb00000| PB 0x000000008bb00000| Untracked 
|  40|0x000000008bc00000, 0x000000008bc00000, 0x000000008bd00000|  0%| F|  |TAMS 0x000000008bc00000| PB 0x000000008bc00000| Untracked 
|  41|0x000000008bd00000, 0x000000008bd00000, 0x000000008be00000|  0%| F|  |TAMS 0x000000008bd00000| PB 0x000000008bd00000| Untracked 
|  42|0x000000008be00000, 0x000000008be00000, 0x000000008bf00000|  0%| F|  |TAMS 0x000000008be00000| PB 0x000000008be00000| Untracked 
|  43|0x000000008bf00000, 0x000000008bf00000, 0x000000008c000000|  0%| F|  |TAMS 0x000000008bf00000| PB 0x000000008bf00000| Untracked 
|  44|0x000000008c000000, 0x000000008c000000, 0x000000008c100000|  0%| F|  |TAMS 0x000000008c000000| PB 0x000000008c000000| Untracked 
|  45|0x000000008c100000, 0x000000008c100000, 0x000000008c200000|  0%| F|  |TAMS 0x000000008c100000| PB 0x000000008c100000| Untracked 
|  46|0x000000008c200000, 0x000000008c200000, 0x000000008c300000|  0%| F|  |TAMS 0x000000008c200000| PB 0x000000008c200000| Untracked 
|  47|0x000000008c300000, 0x000000008c300000, 0x000000008c400000|  0%| F|  |TAMS 0x000000008c300000| PB 0x000000008c300000| Untracked 
|  48|0x000000008c400000, 0x000000008c400000, 0x000000008c500000|  0%| F|  |TAMS 0x000000008c400000| PB 0x000000008c400000| Untracked 
|  49|0x000000008c500000, 0x000000008c500000, 0x000000008c600000|  0%| F|  |TAMS 0x000000008c500000| PB 0x000000008c500000| Untracked 
|  50|0x000000008c600000, 0x000000008c600000, 0x000000008c700000|  0%| F|  |TAMS 0x000000008c600000| PB 0x000000008c600000| Untracked 
|  51|0x000000008c700000, 0x000000008c700000, 0x000000008c800000|  0%| F|  |TAMS 0x000000008c700000| PB 0x000000008c700000| Untracked 
|  52|0x000000008c800000, 0x000000008c800000, 0x000000008c900000|  0%| F|  |TAMS 0x000000008c800000| PB 0x000000008c800000| Untracked 
|  53|0x000000008c900000, 0x000000008c900000, 0x000000008ca00000|  0%| F|  |TAMS 0x000000008c900000| PB 0x000000008c900000| Untracked 
|  54|0x000000008ca00000, 0x000000008ca00000, 0x000000008cb00000|  0%| F|  |TAMS 0x000000008ca00000| PB 0x000000008ca00000| Untracked 
|  55|0x000000008cb00000, 0x000000008cb00000, 0x000000008cc00000|  0%| F|  |TAMS 0x000000008cb00000| PB 0x000000008cb00000| Untracked 
|  56|0x000000008cc00000, 0x000000008cc00000, 0x000000008cd00000|  0%| F|  |TAMS 0x000000008cc00000| PB 0x000000008cc00000| Untracked 
|  57|0x000000008cd00000, 0x000000008cd00000, 0x000000008ce00000|  0%| F|  |TAMS 0x000000008cd00000| PB 0x000000008cd00000| Untracked 
|  58|0x000000008ce00000, 0x000000008ce00000, 0x000000008cf00000|  0%| F|  |TAMS 0x000000008ce00000| PB 0x000000008ce00000| Untracked 
|  59|0x000000008cf00000, 0x000000008cf00000, 0x000000008d000000|  0%| F|  |TAMS 0x000000008cf00000| PB 0x000000008cf00000| Untracked 
|  60|0x000000008d000000, 0x000000008d000000, 0x000000008d100000|  0%| F|  |TAMS 0x000000008d000000| PB 0x000000008d000000| Untracked 
|  61|0x000000008d100000, 0x000000008d100000, 0x000000008d200000|  0%| F|  |TAMS 0x000000008d100000| PB 0x000000008d100000| Untracked 
|  62|0x000000008d200000, 0x000000008d200000, 0x000000008d300000|  0%| F|  |TAMS 0x000000008d200000| PB 0x000000008d200000| Untracked 
|  63|0x000000008d300000, 0x000000008d300000, 0x000000008d400000|  0%| F|  |TAMS 0x000000008d300000| PB 0x000000008d300000| Untracked 
|  64|0x000000008d400000, 0x000000008d400000, 0x000000008d500000|  0%| F|  |TAMS 0x000000008d400000| PB 0x000000008d400000| Untracked 
|  65|0x000000008d500000, 0x000000008d500000, 0x000000008d600000|  0%| F|  |TAMS 0x000000008d500000| PB 0x000000008d500000| Untracked 
|  66|0x000000008d600000, 0x000000008d600000, 0x000000008d700000|  0%| F|  |TAMS 0x000000008d600000| PB 0x000000008d600000| Untracked 
|  67|0x000000008d700000, 0x000000008d700000, 0x000000008d800000|  0%| F|  |TAMS 0x000000008d700000| PB 0x000000008d700000| Untracked 
|  68|0x000000008d800000, 0x000000008d800000, 0x000000008d900000|  0%| F|  |TAMS 0x000000008d800000| PB 0x000000008d800000| Untracked 
|  69|0x000000008d900000, 0x000000008d900000, 0x000000008da00000|  0%| F|  |TAMS 0x000000008d900000| PB 0x000000008d900000| Untracked 
|  70|0x000000008da00000, 0x000000008da00000, 0x000000008db00000|  0%| F|  |TAMS 0x000000008da00000| PB 0x000000008da00000| Untracked 
|  71|0x000000008db00000, 0x000000008db00000, 0x000000008dc00000|  0%| F|  |TAMS 0x000000008db00000| PB 0x000000008db00000| Untracked 
|  72|0x000000008dc00000, 0x000000008dc00000, 0x000000008dd00000|  0%| F|  |TAMS 0x000000008dc00000| PB 0x000000008dc00000| Untracked 
|  73|0x000000008dd00000, 0x000000008dd00000, 0x000000008de00000|  0%| F|  |TAMS 0x000000008dd00000| PB 0x000000008dd00000| Untracked 
|  74|0x000000008de00000, 0x000000008de00000, 0x000000008df00000|  0%| F|  |TAMS 0x000000008de00000| PB 0x000000008de00000| Untracked 
|  75|0x000000008df00000, 0x000000008df00000, 0x000000008e000000|  0%| F|  |TAMS 0x000000008df00000| PB 0x000000008df00000| Untracked 
|  76|0x000000008e000000, 0x000000008e000000, 0x000000008e100000|  0%| F|  |TAMS 0x000000008e000000| PB 0x000000008e000000| Untracked 
|  77|0x000000008e100000, 0x000000008e100000, 0x000000008e200000|  0%| F|  |TAMS 0x000000008e100000| PB 0x000000008e100000| Untracked 
|  78|0x000000008e200000, 0x000000008e200000, 0x000000008e300000|  0%| F|  |TAMS 0x000000008e200000| PB 0x000000008e200000| Untracked 
|  79|0x000000008e300000, 0x000000008e300000, 0x000000008e400000|  0%| F|  |TAMS 0x000000008e300000| PB 0x000000008e300000| Untracked 
|  80|0x000000008e400000, 0x000000008e400000, 0x000000008e500000|  0%| F|  |TAMS 0x000000008e400000| PB 0x000000008e400000| Untracked 
|  81|0x000000008e500000, 0x000000008e500000, 0x000000008e600000|  0%| F|  |TAMS 0x000000008e500000| PB 0x000000008e500000| Untracked 
|  82|0x000000008e600000, 0x000000008e600000, 0x000000008e700000|  0%| F|  |TAMS 0x000000008e600000| PB 0x000000008e600000| Untracked 
|  83|0x000000008e700000, 0x000000008e700000, 0x000000008e800000|  0%| F|  |TAMS 0x000000008e700000| PB 0x000000008e700000| Untracked 
|  84|0x000000008e800000, 0x000000008e800000, 0x000000008e900000|  0%| F|  |TAMS 0x000000008e800000| PB 0x000000008e800000| Untracked 
|  85|0x000000008e900000, 0x000000008e900000, 0x000000008ea00000|  0%| F|  |TAMS 0x000000008e900000| PB 0x000000008e900000| Untracked 
|  86|0x000000008ea00000, 0x000000008ea00000, 0x000000008eb00000|  0%| F|  |TAMS 0x000000008ea00000| PB 0x000000008ea00000| Untracked 
|  87|0x000000008eb00000, 0x000000008eb00000, 0x000000008ec00000|  0%| F|  |TAMS 0x000000008eb00000| PB 0x000000008eb00000| Untracked 
|  88|0x000000008ec00000, 0x000000008ec00000, 0x000000008ed00000|  0%| F|  |TAMS 0x000000008ec00000| PB 0x000000008ec00000| Untracked 
|  89|0x000000008ed00000, 0x000000008ed00000, 0x000000008ee00000|  0%| F|  |TAMS 0x000000008ed00000| PB 0x000000008ed00000| Untracked 
|  90|0x000000008ee00000, 0x000000008ee00000, 0x000000008ef00000|  0%| F|  |TAMS 0x000000008ee00000| PB 0x000000008ee00000| Untracked 
|  91|0x000000008ef00000, 0x000000008ef00000, 0x000000008f000000|  0%| F|  |TAMS 0x000000008ef00000| PB 0x000000008ef00000| Untracked 
|  92|0x000000008f000000, 0x000000008f000000, 0x000000008f100000|  0%| F|  |TAMS 0x000000008f000000| PB 0x000000008f000000| Untracked 
|  93|0x000000008f100000, 0x000000008f100000, 0x000000008f200000|  0%| F|  |TAMS 0x000000008f100000| PB 0x000000008f100000| Untracked 
|  94|0x000000008f200000, 0x000000008f300000, 0x000000008f300000|100%| S|CS|TAMS 0x000000008f200000| PB 0x000000008f200000| Complete 
|  95|0x000000008f300000, 0x000000008f400000, 0x000000008f400000|100%| S|CS|TAMS 0x000000008f300000| PB 0x000000008f300000| Complete 
|  96|0x000000008f400000, 0x000000008f500000, 0x000000008f500000|100%| S|CS|TAMS 0x000000008f400000| PB 0x000000008f400000| Complete 
|  97|0x000000008f500000, 0x000000008f500000, 0x000000008f600000|  0%| F|  |TAMS 0x000000008f500000| PB 0x000000008f500000| Untracked 
|  98|0x000000008f600000, 0x000000008f600000, 0x000000008f700000|  0%| F|  |TAMS 0x000000008f600000| PB 0x000000008f600000| Untracked 
|  99|0x000000008f700000, 0x000000008f700000, 0x000000008f800000|  0%| F|  |TAMS 0x000000008f700000| PB 0x000000008f700000| Untracked 
| 100|0x000000008f800000, 0x000000008f800000, 0x000000008f900000|  0%| F|  |TAMS 0x000000008f800000| PB 0x000000008f800000| Untracked 
| 101|0x000000008f900000, 0x000000008f900000, 0x000000008fa00000|  0%| F|  |TAMS 0x000000008f900000| PB 0x000000008f900000| Untracked 
| 102|0x000000008fa00000, 0x000000008fa00000, 0x000000008fb00000|  0%| F|  |TAMS 0x000000008fa00000| PB 0x000000008fa00000| Untracked 
| 103|0x000000008fb00000, 0x000000008fb00000, 0x000000008fc00000|  0%| F|  |TAMS 0x000000008fb00000| PB 0x000000008fb00000| Untracked 
| 104|0x000000008fc00000, 0x000000008fc00000, 0x000000008fd00000|  0%| F|  |TAMS 0x000000008fc00000| PB 0x000000008fc00000| Untracked 
| 105|0x000000008fd00000, 0x000000008fd00000, 0x000000008fe00000|  0%| F|  |TAMS 0x000000008fd00000| PB 0x000000008fd00000| Untracked 
| 106|0x000000008fe00000, 0x000000008fe00000, 0x000000008ff00000|  0%| F|  |TAMS 0x000000008fe00000| PB 0x000000008fe00000| Untracked 
| 107|0x000000008ff00000, 0x000000008ff00000, 0x0000000090000000|  0%| F|  |TAMS 0x000000008ff00000| PB 0x000000008ff00000| Untracked 
| 108|0x0000000090000000, 0x0000000090000000, 0x0000000090100000|  0%| F|  |TAMS 0x0000000090000000| PB 0x0000000090000000| Untracked 
| 109|0x0000000090100000, 0x0000000090100000, 0x0000000090200000|  0%| F|  |TAMS 0x0000000090100000| PB 0x0000000090100000| Untracked 
| 110|0x0000000090200000, 0x0000000090200000, 0x0000000090300000|  0%| F|  |TAMS 0x0000000090200000| PB 0x0000000090200000| Untracked 
| 111|0x0000000090300000, 0x0000000090300000, 0x0000000090400000|  0%| F|  |TAMS 0x0000000090300000| PB 0x0000000090300000| Untracked 
| 112|0x0000000090400000, 0x0000000090400000, 0x0000000090500000|  0%| F|  |TAMS 0x0000000090400000| PB 0x0000000090400000| Untracked 
| 113|0x0000000090500000, 0x0000000090500000, 0x0000000090600000|  0%| F|  |TAMS 0x0000000090500000| PB 0x0000000090500000| Untracked 
| 114|0x0000000090600000, 0x0000000090600000, 0x0000000090700000|  0%| F|  |TAMS 0x0000000090600000| PB 0x0000000090600000| Untracked 
| 115|0x0000000090700000, 0x0000000090700000, 0x0000000090800000|  0%| F|  |TAMS 0x0000000090700000| PB 0x0000000090700000| Untracked 
| 116|0x0000000090800000, 0x0000000090899958, 0x0000000090900000| 59%| E|  |TAMS 0x0000000090800000| PB 0x0000000090800000| Complete 
| 117|0x0000000090900000, 0x0000000090a00000, 0x0000000090a00000|100%| E|CS|TAMS 0x0000000090900000| PB 0x0000000090900000| Complete 
| 118|0x0000000090a00000, 0x0000000090b00000, 0x0000000090b00000|100%| E|CS|TAMS 0x0000000090a00000| PB 0x0000000090a00000| Complete 
| 119|0x0000000090b00000, 0x0000000090c00000, 0x0000000090c00000|100%| E|CS|TAMS 0x0000000090b00000| PB 0x0000000090b00000| Complete 

Card table byte_map: [0x0000018824880000,0x0000018824c40000] _byte_map_base: 0x0000018824436000

Marking Bits: (CMBitMap*) 0x000001880cbe7140
 Bits: [0x0000018825000000, 0x0000018826db0000)

Polling page: 0x000001880c350000

Metaspace:

Usage:
  Non-class:     11.52 MB used.
      Class:      1.38 MB used.
       Both:     12.90 MB used.

Virtual space:
  Non-class space:       64.00 MB reserved,      11.62 MB ( 18%) committed,  1 nodes.
      Class space:        1.00 GB reserved,       1.50 MB ( <1%) committed,  1 nodes.
             Both:        1.06 GB reserved,      13.12 MB (  1%) committed. 

Chunk freelists:
   Non-Class:  398.00 KB
       Class:  2.51 MB
        Both:  2.90 MB

MaxMetaspaceSize: unlimited
CompressedClassSpaceSize: 1.00 GB
Initial GC threshold: 21.00 MB
Current GC threshold: 21.00 MB
CDS: on
MetaspaceReclaimPolicy: balanced
 - commit_granule_bytes: 65536.
 - commit_granule_words: 8192.
 - virtual_space_node_default_size: 8388608.
 - enlarge_chunks_in_place: 1.
 - new_chunks_are_fully_committed: 0.
 - uncommit_free_chunks: 1.
 - use_allocation_guard: 0.


Internal statistics:

num_allocs_failed_limit: 0.
num_arena_births: 164.
num_arena_deaths: 0.
num_vsnodes_births: 2.
num_vsnodes_deaths: 0.
num_space_committed: 210.
num_space_uncommitted: 0.
num_chunks_returned_to_freelist: 0.
num_chunks_taken_from_freelist: 312.
num_chunk_merges: 0.
num_chunk_splits: 197.
num_chunks_enlarged: 119.
num_inconsistent_stats: 0.

CodeHeap 'non-profiled nmethods': size=119168Kb used=524Kb max_used=524Kb free=118643Kb
 bounds [0x000001881c7e0000, 0x000001881ca50000, 0x0000018823c40000]
CodeHeap 'profiled nmethods': size=119104Kb used=2752Kb max_used=2752Kb free=116351Kb
 bounds [0x0000018814c40000, 0x0000018814f00000, 0x000001881c090000]
CodeHeap 'non-nmethods': size=7488Kb used=3331Kb max_used=3344Kb free=4156Kb
 bounds [0x000001881c090000, 0x000001881c3e0000, 0x000001881c7e0000]
 total_blobs=2217 nmethods=1575 adapters=550
 compilation: enabled
              stopped_count=0, restarted_count=0
 full_count=0

Compilation events (20 events):
Event: 1.360 Thread 0x000001882e6b7d80 1553       3       java.lang.Long::reverseBytes (46 bytes)
Event: 1.360 Thread 0x0000018829e1d760 1554       3       java.lang.invoke.VarHandleGuards::guard_LI_J (78 bytes)
Event: 1.360 Thread 0x000001882e6bfc20 1559       4       sun.security.provider.SHA5::lf_maj (14 bytes)
Event: 1.361 Thread 0x000001882e10ebe0 nmethod 1551 0x0000018814ee3010 code [0x0000018814ee31a0, 0x0000018814ee32e8]
Event: 1.361 Thread 0x000001882e0b4cb0 nmethod 1552 0x0000018814ee3410 code [0x0000018814ee35a0, 0x0000018814ee3708]
Event: 1.361 Thread 0x000001882e6b7d80 nmethod 1553 0x0000018814ee3790 code [0x0000018814ee3920, 0x0000018814ee3a78]
Event: 1.362 Thread 0x000001882e10ebe0 1555       3       java.lang.invoke.VarHandleByteArrayAsLongs$ArrayHandle::get (36 bytes)
Event: 1.362 Thread 0x000001882e0b4cb0 1556       3       jdk.internal.misc.Unsafe::getLongUnaligned (12 bytes)
Event: 1.362 Thread 0x000001882e6b7d80 1557       3       jdk.internal.misc.Unsafe::getLongUnaligned (173 bytes)
Event: 1.363 Thread 0x000001882e10ebe0 nmethod 1555 0x0000018814ee3b10 code [0x0000018814ee3cc0, 0x0000018814ee40e8]
Event: 1.363 Thread 0x000001882e0b4cb0 nmethod 1556 0x0000018814ee4290 code [0x0000018814ee4420, 0x0000018814ee4608]
Event: 1.363 Thread 0x000001882e6b7d80 nmethod 1557 0x0000018814ee4710 code [0x0000018814ee48e0, 0x0000018814ee4d00]
Event: 1.365 Thread 0x0000018829e1d760 nmethod 1554 0x0000018814ee4e10 code [0x0000018814ee5120, 0x0000018814ee6a70]
Event: 1.365 Thread 0x000001882e6bfc20 nmethod 1559 0x000001881c862690 code [0x000001881c862800, 0x000001881c862878]
Event: 1.365 Thread 0x000001882e6b7d80 1561       3       java.lang.ref.Reference::refersTo (6 bytes)
Event: 1.365 Thread 0x000001882e6bfc20 1558       4       sun.security.provider.SHA5::lf_ch (13 bytes)
Event: 1.366 Thread 0x000001882e6b7d80 nmethod 1561 0x0000018814ee7190 code [0x0000018814ee7320, 0x0000018814ee74e8]
Event: 1.366 Thread 0x000001882e6bfc20 nmethod 1558 0x000001881c862990 code [0x000001881c862b00, 0x000001881c862b78]
Event: 1.367 Thread 0x0000018829e1d760 1562       3       java.lang.invoke.Invokers$Holder::invokeExact_MT (22 bytes)
Event: 1.367 Thread 0x000001882e0b4cb0 1563       3       java.lang.invoke.DirectMethodHandle$Holder::newInvokeSpecial (20 bytes)

GC Heap History (2 events):
Event: 1.053 GC heap before
{Heap before GC invocations=0 (full 0):
 garbage-first heap   total 122880K, used 30720K [0x0000000089400000, 0x0000000100000000)
  region size 1024K, 23 young (23552K), 0 survivors (0K)
 Metaspace       used 9946K, committed 10176K, reserved 1114112K
  class space    used 1037K, committed 1152K, reserved 1048576K
}
Event: 1.060 GC heap after
{Heap after GC invocations=1 (full 0):
 garbage-first heap   total 122880K, used 12756K [0x0000000089400000, 0x0000000100000000)
  region size 1024K, 3 young (3072K), 3 survivors (3072K)
 Metaspace       used 9946K, committed 10176K, reserved 1114112K
  class space    used 1037K, committed 1152K, reserved 1048576K
}

Dll operation events (10 events):
Event: 0.007 Loaded shared library C:\Program Files\Java\jdk-20\bin\java.dll
Event: 0.016 Loaded shared library C:\Program Files\Java\jdk-20\bin\jsvml.dll
Event: 0.071 Loaded shared library C:\Program Files\Java\jdk-20\bin\net.dll
Event: 0.073 Loaded shared library C:\Program Files\Java\jdk-20\bin\nio.dll
Event: 0.102 Loaded shared library C:\Program Files\Java\jdk-20\bin\zip.dll
Event: 0.121 Loaded shared library C:\Program Files\Java\jdk-20\bin\jimage.dll
Event: 0.141 Loaded shared library C:\Program Files\Java\jdk-20\bin\awt.dll
Event: 0.469 Loaded shared library C:\Program Files\Java\jdk-20\bin\javajpeg.dll
Event: 0.773 Loaded shared library C:\Program Files\Java\jdk-20\bin\extnet.dll
Event: 0.919 Loaded shared library C:\Program Files\Java\jdk-20\bin\sunmscapi.dll

Deoptimization events (20 events):
Event: 0.938 Thread 0x000001880cb86ec0 DEOPT PACKING pc=0x000001881c837efc sp=0x0000001fd94fd110
Event: 0.938 Thread 0x000001880cb86ec0 DEOPT UNPACKING pc=0x000001881c0f9d22 sp=0x0000001fd94fd088 mode 2
Event: 0.940 Thread 0x000001880cb86ec0 Uncommon trap: trap_request=0xffffffde fr.pc=0x000001881c838ef4 relative=0x0000000000000a74
Event: 0.940 Thread 0x000001880cb86ec0 Uncommon trap: reason=class_check action=maybe_recompile pc=0x000001881c838ef4 method=java.util.HashMap.putVal(ILjava/lang/Object;Ljava/lang/Object;ZZ)Ljava/lang/Object; @ 203 c2
Event: 0.940 Thread 0x000001880cb86ec0 DEOPT PACKING pc=0x000001881c838ef4 sp=0x0000001fd94fd120
Event: 0.940 Thread 0x000001880cb86ec0 DEOPT UNPACKING pc=0x000001881c0f9d22 sp=0x0000001fd94fd058 mode 2
Event: 1.017 Thread 0x000001880cb86ec0 DEOPT PACKING pc=0x0000018814da9b2e sp=0x0000001fd94fa560
Event: 1.017 Thread 0x000001880cb86ec0 DEOPT UNPACKING pc=0x000001881c0fa4c2 sp=0x0000001fd94f9a00 mode 0
Event: 1.060 Thread 0x0000018829e13120 Uncommon trap: trap_request=0xffffff45 fr.pc=0x000001881c80bbc0 relative=0x0000000000000040
Event: 1.060 Thread 0x0000018829e13120 Uncommon trap: reason=unstable_if action=reinterpret pc=0x000001881c80bbc0 method=java.util.concurrent.locks.AbstractQueuedSynchronizer.signalNext(Ljava/util/concurrent/locks/AbstractQueuedSynchronizer$Node;)V @ 1 c2
Event: 1.060 Thread 0x0000018829e13120 DEOPT PACKING pc=0x000001881c80bbc0 sp=0x0000001fd9bfeed0
Event: 1.060 Thread 0x0000018829e13120 DEOPT UNPACKING pc=0x000001881c0f9d22 sp=0x0000001fd9bfee60 mode 2
Event: 1.060 Thread 0x0000018829e13120 Uncommon trap: trap_request=0xffffff45 fr.pc=0x000001881c84b244 relative=0x0000000000000144
Event: 1.060 Thread 0x0000018829e13120 Uncommon trap: reason=unstable_if action=reinterpret pc=0x000001881c84b244 method=java.util.concurrent.locks.ReentrantLock$NonfairSync.initialTryLock()Z @ 10 c2
Event: 1.060 Thread 0x0000018829e13120 DEOPT PACKING pc=0x000001881c84b244 sp=0x0000001fd9bfeeb0
Event: 1.060 Thread 0x0000018829e13120 DEOPT UNPACKING pc=0x000001881c0f9d22 sp=0x0000001fd9bfee58 mode 2
Event: 1.183 Thread 0x000001880cb86ec0 Uncommon trap: trap_request=0xffffff45 fr.pc=0x000001881c84698c relative=0x000000000000026c
Event: 1.183 Thread 0x000001880cb86ec0 Uncommon trap: reason=unstable_if action=reinterpret pc=0x000001881c84698c method=java.util.HashMap.putVal(ILjava/lang/Object;Ljava/lang/Object;ZZ)Ljava/lang/Object; @ 162 c2
Event: 1.183 Thread 0x000001880cb86ec0 DEOPT PACKING pc=0x000001881c84698c sp=0x0000001fd94fc340
Event: 1.183 Thread 0x000001880cb86ec0 DEOPT UNPACKING pc=0x000001881c0f9d22 sp=0x0000001fd94fc278 mode 2

Classes loaded (20 events):
Event: 1.359 Loading class sun/security/ssl/SSLSecretDerivation$SecretSchedule
Event: 1.359 Loading class sun/security/ssl/SSLSecretDerivation$SecretSchedule done
Event: 1.360 Loading class sun/security/ssl/SSLTrafficKeyDerivation
Event: 1.361 Loading class sun/security/ssl/SSLKeyDerivationGenerator
Event: 1.361 Loading class sun/security/ssl/SSLKeyDerivationGenerator done
Event: 1.361 Loading class sun/security/ssl/SSLTrafficKeyDerivation done
Event: 1.362 Loading class sun/security/ssl/SSLTrafficKeyDerivation$S30TrafficKeyDerivationGenerator
Event: 1.362 Loading class sun/security/ssl/SSLTrafficKeyDerivation$S30TrafficKeyDerivationGenerator done
Event: 1.363 Loading class sun/security/ssl/SSLTrafficKeyDerivation$T10TrafficKeyDerivationGenerator
Event: 1.363 Loading class sun/security/ssl/SSLTrafficKeyDerivation$T10TrafficKeyDerivationGenerator done
Event: 1.363 Loading class sun/security/ssl/SSLTrafficKeyDerivation$T12TrafficKeyDerivationGenerator
Event: 1.364 Loading class sun/security/ssl/SSLTrafficKeyDerivation$T12TrafficKeyDerivationGenerator done
Event: 1.364 Loading class sun/security/ssl/SSLTrafficKeyDerivation$T13TrafficKeyDerivationGenerator
Event: 1.364 Loading class sun/security/ssl/SSLTrafficKeyDerivation$T13TrafficKeyDerivationGenerator done
Event: 1.364 Loading class sun/security/ssl/SSLTrafficKeyDerivation$1
Event: 1.365 Loading class sun/security/ssl/SSLTrafficKeyDerivation$1 done
Event: 1.365 Loading class sun/security/ssl/SSLTrafficKeyDerivation$T13TrafficKeyDerivation
Event: 1.365 Loading class sun/security/ssl/SSLTrafficKeyDerivation$T13TrafficKeyDerivation done
Event: 1.366 Loading class sun/security/ssl/SSLTrafficKeyDerivation$KeySchedule
Event: 1.366 Loading class sun/security/ssl/SSLTrafficKeyDerivation$KeySchedule done

Classes unloaded (0 events):
No events

Classes redefined (0 events):
No events

Internal exceptions (20 events):
Event: 0.077 Thread 0x000001880cb86ec0 Exception <a 'sun/nio/fs/WindowsException'{0x0000000090a48238}> (0x0000000090a48238) 
thrown [s\open\src\hotspot\share\prims\jni.cpp, line 519]
Event: 0.130 Thread 0x000001880cb86ec0 Exception <a 'java/lang/ClassNotFoundException'{0x0000000090807798}: sun/awt/resources/spi/awtProvider> (0x0000000090807798) 
thrown [s\open\src\hotspot\share\classfile\systemDictionary.cpp, line 305]
Event: 0.156 Thread 0x000001880cb86ec0 Exception <a 'java/io/FileNotFoundException'{0x000000009085dee0}> (0x000000009085dee0) 
thrown [s\open\src\hotspot\share\prims\jni.cpp, line 519]
Event: 0.167 Thread 0x000001880cb86ec0 Exception <a 'java/io/FileNotFoundException'{0x00000000908fdd10}> (0x00000000908fdd10) 
thrown [s\open\src\hotspot\share\prims\jni.cpp, line 519]
Event: 0.307 Thread 0x000001880cb86ec0 Exception <a 'java/lang/NoSuchMethodError'{0x000000009061cc60}: 'void java.lang.invoke.DirectMethodHandle$Holder.invokeSpecial(java.lang.Object, java.lang.Object, java.lang.Object)'> (0x000000009061cc60) 
thrown [s\open\src\hotspot\share\interpreter\linkResolver.cpp, line 773]
Event: 0.319 Thread 0x000001880cb86ec0 Exception <a 'java/lang/NoSuchMethodError'{0x00000000906473e0}: 'java.lang.Object java.lang.invoke.DirectMethodHandle$Holder.newInvokeSpecial(java.lang.Object, java.lang.Object, java.lang.Object, java.lang.Object, java.lang.Object)'> (0x00000000906473e0) 
thrown [s\open\src\hotspot\share\interpreter\linkResolver.cpp, line 773]
Event: 0.327 Thread 0x000001880cb86ec0 Exception <a 'java/lang/NoSuchMethodError'{0x0000000090677ef8}: 'java.lang.Object java.lang.invoke.DirectMethodHandle$Holder.invokeStatic(java.lang.Object, int, java.lang.Object)'> (0x0000000090677ef8) 
thrown [s\open\src\hotspot\share\interpreter\linkResolver.cpp, line 773]
Event: 0.364 Thread 0x000001880cb86ec0 Exception <a 'java/lang/ClassNotFoundException'{0x00000000905332a8}: com/sun/swing/internal/plaf/metal/resources/spi/metalProvider> (0x00000000905332a8) 
thrown [s\open\src\hotspot\share\classfile\systemDictionary.cpp, line 305]
Event: 0.365 Thread 0x000001880cb86ec0 Exception <a 'java/lang/ClassNotFoundException'{0x0000000090537208}: com/sun/swing/internal/plaf/basic/resources/spi/basicProvider> (0x0000000090537208) 
thrown [s\open\src\hotspot\share\classfile\systemDictionary.cpp, line 305]
Event: 0.377 Thread 0x000001880cb86ec0 Exception <a 'java/lang/NoSuchMethodError'{0x0000000090556388}: 'int java.lang.invoke.Invokers$Holder.invokeExact_MT(java.lang.Object, java.lang.Object)'> (0x0000000090556388) 
thrown [s\open\src\hotspot\share\interpreter\linkResolver.cpp, line 773]
Event: 0.471 Thread 0x000001882e656460 Exception <a 'java/lang/NoSuchMethodError'{0x00000000903278a8}: 'java.lang.Object java.lang.invoke.DirectMethodHandle$Holder.newInvokeSpecial(java.lang.Object, java.lang.Object, java.lang.Object, int, int, int, int, int)'> (0x00000000903278a8) 
thrown [s\open\src\hotspot\share\interpreter\linkResolver.cpp, line 773]
Event: 0.607 Thread 0x000001880cb86ec0 Exception <a 'java/lang/NoSuchMethodError'{0x000000008fb41ba0}: 'java.lang.Object java.lang.invoke.DirectMethodHandle$Holder.invokeInterface(java.lang.Object, java.lang.Object)'> (0x000000008fb41ba0) 
thrown [s\open\src\hotspot\share\interpreter\linkResolver.cpp, line 773]
Event: 0.644 Thread 0x000001880cb86ec0 Exception <a 'java/lang/NoSuchMethodError'{0x000000008fbb97a0}: 'void java.lang.invoke.DirectMethodHandle$Holder.invokeStatic(java.lang.Object, java.lang.Object, java.lang.Object)'> (0x000000008fbb97a0) 
thrown [s\open\src\hotspot\share\interpreter\linkResolver.cpp, line 773]
Event: 0.649 Thread 0x000001880cb86ec0 Exception <a 'java/lang/NoSuchMethodError'{0x000000008fbc32b0}: 'java.lang.Object java.lang.invoke.DirectMethodHandle$Holder.invokeVirtual(java.lang.Object, java.lang.Object, java.lang.Object)'> (0x000000008fbc32b0) 
thrown [s\open\src\hotspot\share\interpreter\linkResolver.cpp, line 773]
Event: 0.774 Thread 0x000001880cb86ec0 Exception <a 'java/lang/NoSuchMethodError'{0x000000008f8bbf70}: 'void java.lang.invoke.DirectMethodHandle$Holder.invokeStatic(java.lang.Object, java.lang.Object)'> (0x000000008f8bbf70) 
thrown [s\open\src\hotspot\share\interpreter\linkResolver.cpp, line 773]
Event: 0.871 Thread 0x000001880cb86ec0 Exception <a 'java/lang/NoSuchMethodError'{0x000000008f64c768}: 'void java.lang.invoke.DirectMethodHandle$Holder.invokeStaticInit(java.lang.Object, java.lang.Object)'> (0x000000008f64c768) 
thrown [s\open\src\hotspot\share\interpreter\linkResolver.cpp, line 773]
Event: 1.000 Thread 0x000001880cb86ec0 Exception <a 'sun/nio/fs/WindowsException'{0x000000008f597ea0}> (0x000000008f597ea0) 
thrown [s\open\src\hotspot\share\prims\jni.cpp, line 519]
Event: 1.079 Thread 0x000001880cb86ec0 Exception <a 'java/lang/NoSuchMethodError'{0x0000000090b4b580}: 'java.lang.Object java.lang.invoke.DirectMethodHandle$Holder.invokeStaticInit(java.lang.Object, int, int, int, int)'> (0x0000000090b4b580) 
thrown [s\open\src\hotspot\share\interpreter\linkResolver.cpp, line 773]
Event: 1.140 Thread 0x000001880cb86ec0 Exception <a 'java/lang/NoSuchMethodError'{0x0000000090a4f308}: 'java.lang.Object java.lang.invoke.DirectMethodHandle$Holder.invokeStaticInit(java.lang.Object, java.lang.Object, int, int, int, int)'> (0x0000000090a4f308) 
thrown [s\open\src\hotspot\share\interpreter\linkResolver.cpp, line 773]
Event: 1.355 Thread 0x000001880cb86ec0 Exception <a 'java/lang/NoSuchMethodError'{0x000000009084da48}: 'void java.lang.invoke.DirectMethodHandle$Holder.invokeVirtual(java.lang.Object, java.lang.Object)'> (0x000000009084da48) 
thrown [s\open\src\hotspot\share\interpreter\linkResolver.cpp, line 773]

VM Operations (20 events):
Event: 0.078 Executing VM operation: HandshakeAllThreads
Event: 0.078 Executing VM operation: HandshakeAllThreads done
Event: 0.174 Executing VM operation: HandshakeAllThreads
Event: 0.175 Executing VM operation: HandshakeAllThreads done
Event: 0.447 Executing VM operation: HandshakeAllThreads
Event: 0.447 Executing VM operation: HandshakeAllThreads done
Event: 0.505 Executing VM operation: HandshakeAllThreads
Event: 0.505 Executing VM operation: HandshakeAllThreads done
Event: 0.546 Executing VM operation: HandshakeAllThreads
Event: 0.546 Executing VM operation: HandshakeAllThreads done
Event: 0.581 Executing VM operation: HandshakeAllThreads
Event: 0.582 Executing VM operation: HandshakeAllThreads done
Event: 0.755 Executing VM operation: HandshakeAllThreads
Event: 0.755 Executing VM operation: HandshakeAllThreads done
Event: 0.886 Executing VM operation: HandshakeAllThreads
Event: 0.886 Executing VM operation: HandshakeAllThreads done
Event: 0.975 Executing VM operation: ICBufferFull
Event: 0.975 Executing VM operation: ICBufferFull done
Event: 1.053 Executing VM operation: G1CollectForAllocation
Event: 1.060 Executing VM operation: G1CollectForAllocation done

Events (20 events):
Event: 0.030 Thread 0x0000018829e1b030 Thread added: 0x0000018829e1b030
Event: 0.030 Thread 0x0000018829e1cde0 Thread added: 0x0000018829e1cde0
Event: 0.030 Thread 0x0000018829e1d760 Thread added: 0x0000018829e1d760
Event: 0.056 Thread 0x000001882e099e80 Thread added: 0x000001882e099e80
Event: 0.066 Thread 0x000001882e0b4cb0 Thread added: 0x000001882e0b4cb0
Event: 0.082 Thread 0x000001882e10ebe0 Thread added: 0x000001882e10ebe0
Event: 0.088 Thread 0x000001882e14f630 Thread added: 0x000001882e14f630
Event: 0.094 Thread 0x000001882e1be930 Thread added: 0x000001882e1be930
Event: 0.212 Thread 0x000001882e563450 Thread added: 0x000001882e563450
Event: 0.213 Thread 0x000001882e3bead0 Thread added: 0x000001882e3bead0
Event: 0.215 Thread 0x000001882e3dc9e0 Thread added: 0x000001882e3dc9e0
Event: 0.291 Thread 0x000001882e14f630 Thread exited: 0x000001882e14f630
Event: 0.385 Thread 0x000001882e656460 Thread added: 0x000001882e656460
Event: 0.430 Thread 0x000001882e6b7d80 Thread added: 0x000001882e6b7d80
Event: 0.440 Thread 0x000001882e6bfc20 Thread added: 0x000001882e6bfc20
Event: 0.573 Thread 0x000001882e7d0090 Thread added: 0x000001882e7d0090
Event: 0.631 Thread 0x000001882e875c60 Thread added: 0x000001882e875c60
Event: 1.256 Thread 0x000001882e875c60 Thread exited: 0x000001882e875c60
Event: 1.282 Thread 0x000001882e875c00 Thread added: 0x000001882e875c00
Event: 1.298 Thread 0x000001882e3bead0 Thread exited: 0x000001882e3bead0


Dynamic libraries:
0x00007ff6039e0000 - 0x00007ff6039f0000 	C:\Program Files\Java\jdk-20\bin\java.exe
0x00007ffbb63f0000 - 0x00007ffbb6604000 	C:\WINDOWS\SYSTEM32\ntdll.dll
0x00007ffbb53e0000 - 0x00007ffbb54a4000 	C:\WINDOWS\System32\KERNEL32.DLL
0x00007ffbb3a20000 - 0x00007ffbb3dc4000 	C:\WINDOWS\System32\KERNELBASE.dll
0x00007ffbb3dd0000 - 0x00007ffbb3ee1000 	C:\WINDOWS\System32\ucrtbase.dll
0x00007ffbb0a10000 - 0x00007ffbb0a2b000 	C:\Program Files\Java\jdk-20\bin\VCRUNTIME140.dll
0x00007ffbac8b0000 - 0x00007ffbac8c9000 	C:\Program Files\Java\jdk-20\bin\jli.dll
0x00007ffbb45b0000 - 0x00007ffbb4660000 	C:\WINDOWS\System32\ADVAPI32.dll
0x00007ffbb4dc0000 - 0x00007ffbb4e67000 	C:\WINDOWS\System32\msvcrt.dll
0x00007ffbb6010000 - 0x00007ffbb60b6000 	C:\WINDOWS\System32\sechost.dll
0x00007ffbb5ef0000 - 0x00007ffbb6007000 	C:\WINDOWS\System32\RPCRT4.dll
0x00007ffbb60c0000 - 0x00007ffbb626e000 	C:\WINDOWS\System32\USER32.dll
0x00007ffbb3f70000 - 0x00007ffbb3f96000 	C:\WINDOWS\System32\win32u.dll
0x00007ffbabec0000 - 0x00007ffbac153000 	C:\WINDOWS\WinSxS\amd64_microsoft.windows.common-controls_6595b64144ccf1df_6.0.22621.2215_none_270d72677387dfc3\COMCTL32.dll
0x00007ffbb4e70000 - 0x00007ffbb4e99000 	C:\WINDOWS\System32\GDI32.dll
0x00007ffbb3fa0000 - 0x00007ffbb40b8000 	C:\WINDOWS\System32\gdi32full.dll
0x00007ffbb3910000 - 0x00007ffbb39aa000 	C:\WINDOWS\System32\msvcp_win.dll
0x00007ffbac530000 - 0x00007ffbac53a000 	C:\WINDOWS\SYSTEM32\VERSION.dll
0x00007ffbb6370000 - 0x00007ffbb63a1000 	C:\WINDOWS\System32\IMM32.DLL
0x00007ffbaeb50000 - 0x00007ffbaeb5c000 	C:\Program Files\Java\jdk-20\bin\vcruntime140_1.dll
0x00007ffb9f420000 - 0x00007ffb9f4ae000 	C:\Program Files\Java\jdk-20\bin\msvcp140.dll
0x00007ffb58e30000 - 0x00007ffb59ac7000 	C:\Program Files\Java\jdk-20\bin\server\jvm.dll
0x00007ffbac750000 - 0x00007ffbac784000 	C:\WINDOWS\SYSTEM32\WINMM.dll
0x00007ffbadb00000 - 0x00007ffbadb09000 	C:\WINDOWS\SYSTEM32\WSOCK32.dll
0x00007ffbb43e0000 - 0x00007ffbb4451000 	C:\WINDOWS\System32\WS2_32.dll
0x00007ffbb27f0000 - 0x00007ffbb2808000 	C:\WINDOWS\SYSTEM32\kernel.appcore.dll
0x00007ffbaeae0000 - 0x00007ffbaeaea000 	C:\Program Files\Java\jdk-20\bin\jimage.dll
0x00007ffba9c70000 - 0x00007ffba9e9e000 	C:\WINDOWS\SYSTEM32\DBGHELP.DLL
0x00007ffbb4fb0000 - 0x00007ffbb533a000 	C:\WINDOWS\System32\combase.dll
0x00007ffbb46d0000 - 0x00007ffbb47a7000 	C:\WINDOWS\System32\OLEAUT32.dll
0x00007ffba9a50000 - 0x00007ffba9a82000 	C:\WINDOWS\SYSTEM32\dbgcore.DLL
0x00007ffbb3ef0000 - 0x00007ffbb3f6a000 	C:\WINDOWS\System32\bcryptPrimitives.dll
0x00007ffbac9b0000 - 0x00007ffbac9d6000 	C:\Program Files\Java\jdk-20\bin\java.dll
0x00007ffb8c980000 - 0x00007ffb8ca57000 	C:\Program Files\Java\jdk-20\bin\jsvml.dll
0x00007ffbb5500000 - 0x00007ffbb5d23000 	C:\WINDOWS\System32\SHELL32.dll
0x00007ffbb16e0000 - 0x00007ffbb1fca000 	C:\WINDOWS\SYSTEM32\windows.storage.dll
0x00007ffbb15a0000 - 0x00007ffbb16de000 	C:\WINDOWS\SYSTEM32\wintypes.dll
0x00007ffbb6270000 - 0x00007ffbb6363000 	C:\WINDOWS\System32\SHCORE.dll
0x00007ffbb4d50000 - 0x00007ffbb4dae000 	C:\WINDOWS\System32\shlwapi.dll
0x00007ffbb36d0000 - 0x00007ffbb36f6000 	C:\WINDOWS\SYSTEM32\profapi.dll
0x00007ffbadb40000 - 0x00007ffbadb53000 	C:\Program Files\Java\jdk-20\bin\net.dll
0x00007ffbae160000 - 0x00007ffbae297000 	C:\WINDOWS\SYSTEM32\WINHTTP.dll
0x00007ffbb2c70000 - 0x00007ffbb2cd9000 	C:\WINDOWS\system32\mswsock.dll
0x00007ffbac870000 - 0x00007ffbac886000 	C:\Program Files\Java\jdk-20\bin\nio.dll
0x00007ffba7a50000 - 0x00007ffba7a68000 	C:\Program Files\Java\jdk-20\bin\zip.dll
0x00007ffb721b0000 - 0x00007ffb72341000 	C:\Program Files\Java\jdk-20\bin\awt.dll
0x00007ffbb0b10000 - 0x00007ffbb0ba7000 	C:\WINDOWS\SYSTEM32\apphelp.dll
0x00007ffbb0f30000 - 0x00007ffbb0f5b000 	C:\WINDOWS\system32\DWMAPI.DLL
0x00007ffbb0ca0000 - 0x00007ffbb0d4b000 	C:\WINDOWS\system32\uxtheme.dll
0x00007ffb5d510000 - 0x00007ffb5d610000 	C:\WINDOWS\system32\opengl32.dll
0x00007ffb68f30000 - 0x00007ffb68f5d000 	C:\WINDOWS\SYSTEM32\GLU32.dll
0x00007ffbb0dc0000 - 0x00007ffbb0df8000 	C:\WINDOWS\SYSTEM32\dxcore.dll
0x00007ffbb4460000 - 0x00007ffbb45a9000 	C:\WINDOWS\System32\MSCTF.dll
0x00007ffbb4180000 - 0x00007ffbb431e000 	C:\WINDOWS\System32\ole32.dll
0x00007ffb85fb0000 - 0x00007ffb86159000 	C:\WINDOWS\system32\d3d9.dll
0x00007ffba6d80000 - 0x00007ffba6f3b000 	C:\WINDOWS\System32\DriverStore\FileRepository\u0382030.inf_amd64_c27c1f19988d7c7e\B381533\aticfx64.dll
0x00007ffba2440000 - 0x00007ffba2474000 	C:\WINDOWS\System32\DriverStore\FileRepository\u0382030.inf_amd64_c27c1f19988d7c7e\B381533\atiu9p64.dll
0x00007ffb14050000 - 0x00007ffb14da5000 	C:\WINDOWS\System32\DriverStore\FileRepository\u0382030.inf_amd64_c27c1f19988d7c7e\B381533\atiumd64.dll
0x00007ffba4140000 - 0x00007ffba4175000 	C:\WINDOWS\SYSTEM32\amdihk64.dll
0x00007ffbae3d0000 - 0x00007ffbae41a000 	C:\WINDOWS\SYSTEM32\directxdatabasehelper.dll
0x00007ffba6be0000 - 0x00007ffba6c0e000 	C:\Program Files\Java\jdk-20\bin\javajpeg.dll
0x00007ffbb2260000 - 0x00007ffbb2352000 	C:\WINDOWS\SYSTEM32\DNSAPI.dll
0x00007ffbb2230000 - 0x00007ffbb225d000 	C:\WINDOWS\SYSTEM32\IPHLPAPI.DLL
0x00007ffbb4db0000 - 0x00007ffbb4db9000 	C:\WINDOWS\System32\NSI.dll
0x00007ffb9ebc0000 - 0x00007ffb9ebdf000 	C:\Windows\System32\wlidnsp.dll
0x00007ffbac720000 - 0x00007ffbac72a000 	C:\Windows\System32\rasadhlp.dll
0x00007ffbac9e0000 - 0x00007ffbaca64000 	C:\WINDOWS\System32\fwpuclnt.dll
0x00007ffbae460000 - 0x00007ffbae467000 	C:\Program Files\Java\jdk-20\bin\extnet.dll
0x00007ffbaeb60000 - 0x00007ffbaeb6e000 	C:\Program Files\Java\jdk-20\bin\sunmscapi.dll
0x00007ffbb37a0000 - 0x00007ffbb3906000 	C:\WINDOWS\System32\CRYPT32.dll
0x00007ffbb30a0000 - 0x00007ffbb30ce000 	C:\WINDOWS\SYSTEM32\ncrypt.dll
0x00007ffbb3060000 - 0x00007ffbb3097000 	C:\WINDOWS\SYSTEM32\NTASN1.dll
0x00007ffbb2f40000 - 0x00007ffbb2f5b000 	C:\WINDOWS\SYSTEM32\CRYPTSP.dll
0x00007ffbb2740000 - 0x00007ffbb2775000 	C:\WINDOWS\system32\rsaenh.dll
0x00007ffbb2dd0000 - 0x00007ffbb2dfc000 	C:\WINDOWS\SYSTEM32\USERENV.dll
0x00007ffbb30d0000 - 0x00007ffbb30f8000 	C:\WINDOWS\SYSTEM32\bcrypt.dll
0x00007ffbb2f30000 - 0x00007ffbb2f3c000 	C:\WINDOWS\SYSTEM32\CRYPTBASE.dll
0x00007ffbacd80000 - 0x00007ffbacd99000 	C:\WINDOWS\SYSTEM32\dhcpcsvc6.DLL
0x00007ffbacd60000 - 0x00007ffbacd7f000 	C:\WINDOWS\SYSTEM32\dhcpcsvc.DLL

dbghelp: loaded successfully - version: 4.0.5 - missing functions: none
symbol engine: initialized successfully - sym options: 0x614 - pdb path: .;C:\Program Files\Java\jdk-20\bin;C:\WINDOWS\SYSTEM32;C:\WINDOWS\WinSxS\amd64_microsoft.windows.common-controls_6595b64144ccf1df_6.0.22621.2215_none_270d72677387dfc3;C:\Program Files\Java\jdk-20\bin\server;C:\WINDOWS\System32\DriverStore\FileRepository\u0382030.inf_amd64_c27c1f19988d7c7e\B381533

VM Arguments:
jvm_args: -Dfile.encoding=UTF-8 --module-path=C:\Users\Atiqur Rahman\Documents\NetBeansProjects\bank management system\build\classes 
java_command: bank.management.system.MiniStatement
java_class_path (initial): C:\Users\Atiqur Rahman\Downloads\jcalendar-tz-1.3.3-4.jar;C:\Users\Atiqur Rahman\Downloads\mysql-connector-java-8.0.28.jar;C:\Users\Atiqur Rahman\Documents\NetBeansProjects\bank management system\build\classes
Launcher Type: SUN_STANDARD

[Global flags]
     intx CICompilerCount                          = 12                                        {product} {ergonomic}
     uint ConcGCThreads                            = 3                                         {product} {ergonomic}
     uint G1ConcRefinementThreads                  = 13                                        {product} {ergonomic}
   size_t G1HeapRegionSize                         = 1048576                                   {product} {ergonomic}
    uintx GCDrainStackTargetSize                   = 64                                        {product} {ergonomic}
   size_t InitialHeapSize                          = 125829120                                 {product} {ergonomic}
   size_t MarkStackSize                            = 4194304                                   {product} {ergonomic}
   size_t MaxHeapSize                              = 1992294400                                {product} {ergonomic}
   size_t MaxNewSize                               = 1195376640                                {product} {ergonomic}
   size_t MinHeapDeltaBytes                        = 1048576                                   {product} {ergonomic}
   size_t MinHeapSize                              = 8388608                                   {product} {ergonomic}
    uintx NonNMethodCodeHeapSize                   = 7602480                                {pd product} {ergonomic}
    uintx NonProfiledCodeHeapSize                  = 122027880                              {pd product} {ergonomic}
    uintx ProfiledCodeHeapSize                     = 122027880                              {pd product} {ergonomic}
    uintx ReservedCodeCacheSize                    = 251658240                              {pd product} {ergonomic}
     bool SegmentedCodeCache                       = true                                      {product} {ergonomic}
   size_t SoftMaxHeapSize                          = 1992294400                             {manageable} {ergonomic}
     bool UseCompressedClassPointers               = true                           {product lp64_product} {ergonomic}
     bool UseCompressedOops                        = true                           {product lp64_product} {ergonomic}
     bool UseG1GC                                  = true                                      {product} {ergonomic}
     bool UseLargePagesIndividualAllocation        = false                                  {pd product} {ergonomic}

Logging:
Log output configuration:
 #0: stdout all=warning uptime,level,tags foldmultilines=false
 #1: stderr all=off uptime,level,tags foldmultilines=false

Environment Variables:
JAVA_HOME=C:\Program Files\Microsoft\jdk-11.0.20.101-hotspot\
PATH=C:\Program Files\Microsoft\jdk-11.0.20.101-hotspot\bin;C:\Program Files\Common Files\Oracle\Java\javapath;C:\Windows\system32;C:\Windows;C:\Windows\System32\Wbem;C:\Windows\System32\WindowsPowerShell\v1.0\;C:\Windows\System32\OpenSSH\;C:\Program Files (x86)\NVIDIA Corporation\PhysX\Common;C:\Program Files\NVIDIA Corporation\NVIDIA NvDLISR;C:\Program Files\Microsoft SQL Server\150\Tools\Binn\;C:\WINDOWS\system32;C:\WINDOWS;C:\WINDOWS\System32\Wbem;C:\WINDOWS\System32\WindowsPowerShell\v1.0\;C:\WINDOWS\System32\OpenSSH\;C:\Program Files (x86)\Windows Kits\10\Windows Performance Toolkit\;C:\Program Files\Docker\Docker\resources\bin;C:\Program Files\Git\cmd;C:\Users\Atiqur Rahman\AppData\Roaming\Python\Python310\Scripts;C:\ProgramData\anaconda3\Scripts;C:\ProgramData\anaconda3\Library\bin;C:\Program Files\MySQL\MySQL Shell 8.0\bin\;C:\Users\Atiqur Rahman\AppData\Local\Microsoft\WindowsApps;C:\Program Files\JetBrains\PyCharm Community Edition 2023.1\bin;;C:\Users\Atiqur Rahman\AppData\Local\GitHubDesktop\bin;C:\src\flutter\bin;C:\Users\Atiqur Rahman\AppData\Local\Programs\Microsoft VS Code\bin;C:\MinGW\bin;C:\Program Files\Java\jdk-20\bin;C:\Users\Atiqur Rahman\AppData\Local\Programs\MiKTeX\miktex\bin\x64\;
USERNAME=AtiqurRahman
OS=Windows_NT
PROCESSOR_IDENTIFIER=AMD64 Family 23 Model 96 Stepping 1, AuthenticAMD
TMP=C:\Users\ATIQUR~1\AppData\Local\Temp
TEMP=C:\Users\ATIQUR~1\AppData\Local\Temp




---------------  S Y S T E M  ---------------

OS:
 Windows 11 , 64 bit Build 22621 (10.0.22621.2215)
OS uptime: 3 days 16:48 hours
Hyper-V role detected

CPU: total 16 (initial active 16) (16 cores per cpu, 2 threads per core) family 23 model 96 stepping 1 microcode 0x0, cx8, cmov, fxsr, ht, mmx, 3dnowpref, sse, sse2, sse3, ssse3, sse4a, sse4.1, sse4.2, popcnt, lzcnt, tsc, tscinvbit, avx, avx2, aes, clmul, bmi1, bmi2, adx, sha, fma, vzeroupper, clflush, clflushopt, hv, rdtscp, rdpid, f16c

Memory: 4k page, system-wide physical 7597M (660M free)
TotalPageFile size 31149M (AvailPageFile size 1M)
current process WorkingSet (physical memory assigned to process): 107M, peak: 107M
current process commit charge ("private bytes"): 242M, peak: 242M

vm_info: Java HotSpot(TM) 64-Bit Server VM (20.0.1+9-29) for windows-amd64 JRE (20.0.1+9-29), built on 2023-03-07T13:56:11Z by "mach5one" with MS VC++ 17.1 (VS2022)

END.
